[Wed Sep 27 19:56:38 202] - new black
[Wed Sep 27 19:56:52 202] - move JKJL
[Wed Sep 27 19:57:48 202] - move JMJN
[Wed Sep 27 19:59:37 202] - & C:/Users/pablo/anaconda3/envs/TIA/python.exe c:/Users/pablo/GitHub/Connect6/Connect6Engine/game_engine.py
[Wed Sep 27 20:00:00 202] - new white
[Wed Sep 27 20:00:12 202] - move JJ
[Wed Sep 27 20:00:23 202] - move JKJL
[Wed Sep 27 20:01:00 202] - new white
[Wed Sep 27 20:01:05 202] - move JMJN
[Wed Sep 27 20:01:34 202] - move KKKL
[Wed Sep 27 20:02:30 202] - & C:/Users/pablo/anaconda3/envs/TIA/python.exe c:/Users/pablo/GitHub/Connect6/Connect6Engine/game_engine.py
[Wed Sep 27 20:02:44 202] - new black
[Wed Sep 27 20:02:55 202] - move JKJL
[Wed Sep 27 20:03:10 202] - move JMJN
[Wed Sep 27 20:03:23 202] - move JOJP
[Wed Sep 27 21:49:15 202] - new black
[Wed Sep 27 21:49:24 202] - move JK
[Wed Sep 27 21:49:28 202] - print
[Wed Sep 27 21:50:35 202] - move JKJL
[Wed Sep 27 21:51:29 202] - quit
[Wed Sep 27 21:51:37 202] - new black
[Wed Sep 27 21:51:41 202] - move JKJL
[Wed Sep 27 22:10:13 202] - new black
[Wed Sep 27 22:10:31 202] - move IJ
[Wed Sep 27 22:10:43 202] - back
[Wed Sep 27 22:10:59 202] - quit
[Wed Sep 27 22:11:07 202] - new black
[Wed Sep 27 22:11:17 202] - move IJIK
[Wed Sep 27 22:12:40 202] - priprint
[Wed Sep 27 22:12:40 202] - 
[Wed Sep 27 22:12:48 202] - print
[Wed Sep 27 22:14:11 202] - move SANA
[Wed Sep 27 22:15:11 202] - new black
[Wed Sep 27 22:15:15 202] - move JKJL
[Wed Sep 27 22:16:37 202] - & C:/Users/pablo/anaconda3/envs/TIA/python.exe c:/Users/pablo/GitHub/Connect6/Connect6Engine/tools.py
[Wed Sep 27 22:16:48 202] - name
[Wed Sep 27 22:16:53 202] - print
[Wed Sep 27 22:18:39 202] - move JJJK
[Wed Sep 27 22:18:46 202] - new blacl
[Wed Sep 27 22:18:50 202] - new black
[Wed Sep 27 22:18:54 202] - move JKJL
[Wed Sep 27 22:20:33 202] - new blacl
[Wed Sep 27 22:20:39 202] - new black
[Wed Sep 27 22:20:50 202] - move ASBS
[Wed Sep 27 22:21:34 202] - new black
[Wed Sep 27 22:21:39 202] - move JKJL
[Wed Sep 27 22:22:24 202] - & C:/Users/pablo/anaconda3/envs/TIA/python.exe c:/Users/pablo/GitHub/Connect6/Connect6Engine/tools.py
[Wed Sep 27 22:22:41 202] - print
[Wed Sep 27 22:22:43 202] - print
[Wed Sep 27 22:22:50 202] - new black
[Wed Sep 27 22:22:52 202] - move JKJL
[Wed Sep 27 22:23:18 202] - new black
[Wed Sep 27 22:23:23 202] - move ASBS
[Wed Sep 27 22:24:08 202] - print
[Wed Sep 27 22:25:46 202] - new black
[Wed Sep 27 22:25:51 202] - move ASBS
[Wed Sep 27 22:26:38 202] - print
[Wed Sep 27 22:40:24 202] - quit
[Wed Sep 27 22:40:40 202] - quit
[Wed Sep 27 22:43:41 202] - new white
[Wed Sep 27 22:43:46 202] - move JJ
[Wed Sep 27 22:44:02 202] - move CSDS
[Wed Sep 27 22:44:15 202] - move PGPH
[Wed Sep 27 22:44:27 202] - move IEIF
[Wed Sep 27 22:44:46 202] - move SJGI
[Wed Sep 27 22:45:33 202] - move SKSL
[Wed Sep 27 22:46:33 202] - & C:/Users/pablo/anaconda3/envs/TIA/python.exe c:/Users/pablo/GitHub/Connect6/Connect6Engine/tools.py
[Wed Sep 27 22:47:35 202] - move JKJL
[Wed Sep 27 22:47:52 202] - new black
[Wed Sep 27 22:47:56 202] - quit
[Wed Sep 27 22:48:05 202] - new black
[Wed Sep 27 22:48:09 202] - move ASBS
[Thu Sep 28 11:13:41 202] - new black
[Thu Sep 28 11:13:47 202] - move ASBS
[Thu Sep 28 11:14:26 202] - quit
[Thu Sep 28 11:14:32 202] - new white
[Thu Sep 28 11:14:35 202] - move JJ
