[Sat Nov 18 11:37:38 202] - new black
[Sat Nov 18 11:37:56 202] - white JKJL
[Sat Nov 18 11:38:08 202] - next
[Sat Nov 18 11:38:50 202] - print
[Sat Nov 18 11:39:43 202] - white KIGM
[Sat Nov 18 11:39:51 202] - next
[Sat Nov 18 11:40:03 202] - print
[Sat Nov 18 11:40:46 202] - white jmhm
[Sat Nov 18 11:57:27 202] - new black
[Sat Nov 18 11:57:38 202] - white JIJH
[Sat Nov 18 11:57:42 202] - print
[Sat Nov 18 11:57:55 202] - next
[Sat Nov 18 11:58:06 202] - print
[Sat Nov 18 11:58:12 202] - print
[Sat Nov 18 11:58:28 202] - white JGJF
[Sat Nov 18 11:58:37 202] - print
[Sat Nov 18 11:58:44 202] - next
[Sat Nov 18 12:03:11 202] - 
[Sat Nov 18 12:03:54 202] - new white
[Sat Nov 18 12:04:03 202] - black KLJK
[Sat Nov 18 12:04:06 202] - next
[Sat Nov 18 12:04:43 202] - print
[Sat Nov 18 12:05:06 202] - black HIIJ
[Sat Nov 18 12:05:09 202] - next
[Sat Nov 18 12:05:29 202] - print
[Sat Nov 18 12:06:26 202] - new white
[Sat Nov 18 12:06:30 202] - black JK
[Sat Nov 18 12:06:33 202] - next
[Sat Nov 18 12:06:45 202] - print
[Sat Nov 18 12:08:17 202] - new black
[Sat Nov 18 12:08:30 202] - white JKJL
[Sat Nov 18 12:08:35 202] - next
[Sat Nov 18 12:09:26 202] - print
[Sat Nov 18 12:09:49 202] - white JMJN
[Sat Nov 18 12:10:06 202] - next
[Sat Nov 18 12:10:23 202] - print
[Sat Nov 18 12:13:53 202] - new black
[Sat Nov 18 12:13:57 202] - white JKJL
[Sat Nov 18 12:14:00 202] - next
[Sat Nov 18 12:14:09 202] - print
[Sat Nov 18 12:14:41 202] - white JMJN
[Sat Nov 18 12:14:44 202] - next
[Sat Nov 18 12:14:54 202] - print
