[Mon Oct 09 21:54:56 2023] - name
[Mon Oct 09 21:54:56 2023] - depth 4
[Mon Oct 09 21:54:56 2023] - vcf
[Mon Oct 09 21:55:04 2023] - name
[Mon Oct 09 21:55:04 2023] - depth 4
[Mon Oct 09 21:55:04 2023] - vcf
[Mon Oct 09 21:55:04 2023] - new xxx
[Mon Oct 09 21:55:04 2023] - next
[Mon Oct 09 21:55:55 2023] - new xxx
[Mon Oct 09 21:55:55 2023] - black JJJJ
[Mon Oct 09 21:55:55 2023] - white JKIJ
[Mon Oct 09 21:55:55 2023] - next
[Mon Oct 09 21:56:18 2023] - new xxx
[Mon Oct 09 21:56:18 2023] - black JJJJ
[Mon Oct 09 21:56:18 2023] - white JKIJ
[Mon Oct 09 21:56:18 2023] - black KLKK
[Mon Oct 09 21:56:18 2023] - white HIKM
[Mon Oct 09 21:56:18 2023] - next
[Mon Oct 09 21:56:34 2023] - new xxx
[Mon Oct 09 21:56:34 2023] - black JJJJ
[Mon Oct 09 21:56:34 2023] - white JKIJ
[Mon Oct 09 21:56:34 2023] - black KLKK
[Mon Oct 09 21:56:34 2023] - white HIKM
[Mon Oct 09 21:56:34 2023] - black MMLL
[Mon Oct 09 21:56:34 2023] - white NNKJ
[Mon Oct 09 21:56:34 2023] - next
