
[Wed Oct 11 17:28:24 202] - name
[Wed Oct 11 17:28:24 202] - depth 4
[Wed Oct 11 17:28:30 202] - name
[Wed Oct 11 17:28:30 202] - depth 4
[Wed Oct 11 17:28:30 202] - vcf
[Wed Oct 11 17:28:30 202] - new xxx
[Wed Oct 11 17:28:30 202] - next
[Wed Oct 11 17:30:26 202] - name
[Wed Oct 11 17:30:26 202] - depth 4
[Wed Oct 11 17:30:26 202] - vcf
[Wed Oct 11 17:30:27 202] - new xxx
[Wed Oct 11 17:30:27 202] - next
[Wed Oct 11 17:37:42 202] - name
[Wed Oct 11 17:37:42 202] - depth 4
[Wed Oct 11 17:37:52 202] - name
[Wed Oct 11 17:37:52 202] - depth 4
[Wed Oct 11 17:37:52 202] - vcf
[Wed Oct 11 17:41:54 202] - name
[Wed Oct 11 17:41:54 202] - depth 4
[Wed Oct 11 17:41:54 202] - vcf
[Wed Oct 11 17:41:55 202] - new xxx
[Wed Oct 11 17:41:55 202] - black JJJJ
[Wed Oct 11 17:41:55 202] - next
[Wed Oct 11 18:07:43 202] - name
[Wed Oct 11 18:07:43 202] - depth 4
[Wed Oct 11 18:07:53 202] - name
[Wed Oct 11 18:07:53 202] - depth 4
[Wed Oct 11 18:07:53 202] - vcf
[Wed Oct 11 18:07:53 202] - new xxx
[Wed Oct 11 18:07:53 202] - next
[Wed Oct 11 18:10:06 202] - name
[Wed Oct 11 18:10:06 202] - depth 4
[Wed Oct 11 18:10:06 202] - vcf
[Wed Oct 11 19:19:59 202] - new black
[Wed Oct 11 19:20:04 202] - print
[Wed Oct 11 19:20:14 202] - white JKJL
[Wed Oct 11 19:20:19 202] - next
[Wed Oct 11 19:20:25 202] - `rint
[Wed Oct 11 19:20:27 202] - print
[Wed Oct 11 19:22:53 202] - quit
[Wed Oct 11 19:24:46 202] - name
[Wed Oct 11 19:24:46 202] - depth 4
[Wed Oct 11 19:24:59 202] - name
[Wed Oct 11 19:24:59 202] - depth 4
[Wed Oct 11 19:24:59 202] - vcf
[Wed Oct 11 19:24:59 202] - new xxx
[Wed Oct 11 19:24:59 202] - next
[Wed Oct 11 19:25:02 202] - new xxx
[Wed Oct 11 19:25:02 202] - black JJJJ
[Wed Oct 11 19:25:02 202] - white KKIJ
[Wed Oct 11 19:25:02 202] - next
[Wed Oct 11 19:25:18 202] - new xxx
[Wed Oct 11 19:25:18 202] - black JJJJ
[Wed Oct 11 19:25:18 202] - white KKIJ
[Wed Oct 11 19:25:18 202] - black HLIK
[Wed Oct 11 19:25:18 202] - white GMJL
[Wed Oct 11 19:25:18 202] - next
[Wed Oct 11 19:25:26 202] - new xxx
[Wed Oct 11 19:25:26 202] - black JJJJ
[Wed Oct 11 19:25:26 202] - white KKIJ
[Wed Oct 11 19:25:26 202] - black HLIK
[Wed Oct 11 19:25:26 202] - white GMJL
[Wed Oct 11 19:25:26 202] - black KILH
[Wed Oct 11 19:25:26 202] - white MGIM
[Wed Oct 11 19:25:26 202] - next
[Wed Oct 11 19:25:37 202] - new xxx
[Wed Oct 11 19:25:37 202] - black JJJJ
[Wed Oct 11 19:25:37 202] - white KKIJ
[Wed Oct 11 19:25:37 202] - black HLIK
[Wed Oct 11 19:25:37 202] - white GMJL
[Wed Oct 11 19:25:37 202] - black KILH
[Wed Oct 11 19:25:37 202] - white MGIM
[Wed Oct 11 19:25:37 202] - black LJLI
[Wed Oct 11 19:25:37 202] - white LGHM
[Wed Oct 11 19:25:37 202] - next
[Wed Oct 11 19:26:22 202] - new xxx
[Wed Oct 11 19:26:22 202] - black JJJJ
[Wed Oct 11 19:26:22 202] - white KKIJ
[Wed Oct 11 19:26:22 202] - black HLIK
[Wed Oct 11 19:26:22 202] - white GMJL
[Wed Oct 11 19:26:22 202] - black KILH
[Wed Oct 11 19:26:22 202] - white MGIM
[Wed Oct 11 19:26:22 202] - black LJLI
[Wed Oct 11 19:26:22 202] - white LGHM
[Wed Oct 11 19:26:22 202] - black LLLK
[Wed Oct 11 19:26:22 202] - white LMFM
[Wed Oct 11 19:26:22 202] - next
[Wed Oct 11 19:27:15 202] - name
[Wed Oct 11 19:27:15 202] - depth 4
[Wed Oct 11 19:27:15 202] - vcf
[Wed Oct 11 19:27:15 202] - new xxx
[Wed Oct 11 19:27:15 202] - next
[Wed Oct 11 19:27:17 202] - new xxx
[Wed Oct 11 19:27:17 202] - black JJJJ
[Wed Oct 11 19:27:17 202] - white JKKJ
[Wed Oct 11 19:27:17 202] - next
[Wed Oct 11 19:27:24 202] - new xxx
[Wed Oct 11 19:27:24 202] - black JJJJ
[Wed Oct 11 19:27:24 202] - white JKKJ
[Wed Oct 11 19:27:24 202] - black HLIK
[Wed Oct 11 19:27:24 202] - white LIKI
[Wed Oct 11 19:27:24 202] - next
[Wed Oct 11 19:27:29 202] - new xxx
[Wed Oct 11 19:27:29 202] - black JJJJ
[Wed Oct 11 19:27:29 202] - white JKKJ
[Wed Oct 11 19:27:29 202] - black HLIK
[Wed Oct 11 19:27:29 202] - white LIKI
[Wed Oct 11 19:27:29 202] - black FNGM
[Wed Oct 11 19:27:29 202] - white ILEO
[Wed Oct 11 19:27:29 202] - next
[Wed Oct 11 19:27:36 202] - new xxx
[Wed Oct 11 19:27:36 202] - black JJJJ
[Wed Oct 11 19:27:36 202] - white JKKJ
[Wed Oct 11 19:27:36 202] - black HLIK
[Wed Oct 11 19:27:36 202] - white LIKI
[Wed Oct 11 19:27:36 202] - black FNGM
[Wed Oct 11 19:27:36 202] - white ILEO
[Wed Oct 11 19:27:36 202] - black HMMH
[Wed Oct 11 19:27:36 202] - white NIMI
[Wed Oct 11 19:27:36 202] - next
[Wed Oct 11 19:28:23 202] - name
[Wed Oct 11 19:28:23 202] - depth 4
[Wed Oct 11 19:28:23 202] - vcf
[Wed Oct 11 19:28:23 202] - new xxx
[Wed Oct 11 19:28:23 202] - next
[Wed Oct 11 19:28:26 202] - new xxx
[Wed Oct 11 19:28:26 202] - black JJJJ
[Wed Oct 11 19:28:26 202] - white JKKJ
[Wed Oct 11 19:28:26 202] - next
[Wed Oct 11 19:28:32 202] - new xxx
[Wed Oct 11 19:28:32 202] - black JJJJ
[Wed Oct 11 19:28:32 202] - white JKKJ
[Wed Oct 11 19:28:32 202] - black HLIK
[Wed Oct 11 19:28:32 202] - white LIKI
[Wed Oct 11 19:28:32 202] - next
[Wed Oct 11 19:28:38 202] - new xxx
[Wed Oct 11 19:28:38 202] - black JJJJ
[Wed Oct 11 19:28:38 202] - white JKKJ
[Wed Oct 11 19:28:38 202] - black HLIK
[Wed Oct 11 19:28:38 202] - white LIKI
[Wed Oct 11 19:28:38 202] - black FNGM
[Wed Oct 11 19:28:38 202] - white ILEO
[Wed Oct 11 19:28:38 202] - next
[Wed Oct 11 19:28:44 202] - new xxx
[Wed Oct 11 19:28:44 202] - black JJJJ
[Wed Oct 11 19:28:44 202] - white JKKJ
[Wed Oct 11 19:28:44 202] - black HLIK
[Wed Oct 11 19:28:44 202] - white LIKI
[Wed Oct 11 19:28:44 202] - black FNGM
[Wed Oct 11 19:28:44 202] - white ILEO
[Wed Oct 11 19:28:44 202] - black HMMH
[Wed Oct 11 19:28:44 202] - white NIMI
[Wed Oct 11 19:28:44 202] - next
[Wed Oct 11 19:29:43 202] - name
[Wed Oct 11 19:29:43 202] - depth 4
[Wed Oct 11 19:29:52 202] - name
[Wed Oct 11 19:29:52 202] - depth 4
[Wed Oct 11 19:29:52 202] - vcf
[Wed Oct 11 19:29:53 202] - name
[Wed Oct 11 19:29:53 202] - depth 4
[Wed Oct 11 19:29:53 202] - vcf
[Wed Oct 11 19:29:53 202] - new xxx
[Wed Oct 11 19:29:53 202] - next
[Wed Oct 11 19:29:53 202] - new xxx
[Wed Oct 11 19:29:53 202] - black JJJJ
[Wed Oct 11 19:29:53 202] - next
[Wed Oct 11 19:29:57 202] - new xxx
[Wed Oct 11 19:29:57 202] - black JJJJ
[Wed Oct 11 19:29:57 202] - white ASBS
[Wed Oct 11 19:29:57 202] - next
[Wed Oct 11 19:30:01 202] - new xxx
[Wed Oct 11 19:30:01 202] - black JJJJ
[Wed Oct 11 19:30:01 202] - white ASBS
[Wed Oct 11 19:30:01 202] - black HLIK
[Wed Oct 11 19:30:01 202] - next
[Wed Oct 11 19:30:05 202] - new xxx
[Wed Oct 11 19:30:05 202] - black JJJJ
[Wed Oct 11 19:30:05 202] - white ASBS
[Wed Oct 11 19:30:05 202] - black HLIK
[Wed Oct 11 19:30:05 202] - white CSDS
[Wed Oct 11 19:30:05 202] - next
[Wed Oct 11 19:30:10 202] - new xxx
[Wed Oct 11 19:30:10 202] - black JJJJ
[Wed Oct 11 19:30:10 202] - white ASBS
[Wed Oct 11 19:30:10 202] - black HLIK
[Wed Oct 11 19:30:10 202] - white CSDS
[Wed Oct 11 19:30:10 202] - black FNGM
[Wed Oct 11 19:30:10 202] - next
[Wed Oct 11 19:30:15 202] - new xxx
[Wed Oct 11 19:30:15 202] - black JJJJ
[Wed Oct 11 19:30:15 202] - white ASBS
[Wed Oct 11 19:30:15 202] - black HLIK
[Wed Oct 11 19:30:15 202] - white CSDS
[Wed Oct 11 19:30:15 202] - black FNGM
[Wed Oct 11 19:30:15 202] - white ESEO
[Wed Oct 11 19:30:15 202] - next
[Wed Oct 11 19:30:21 202] - new xxx
[Wed Oct 11 19:30:21 202] - black JJJJ
[Wed Oct 11 19:30:21 202] - white ASBS
[Wed Oct 11 19:30:21 202] - black HLIK
[Wed Oct 11 19:30:21 202] - white CSDS
[Wed Oct 11 19:30:21 202] - black FNGM
[Wed Oct 11 19:30:21 202] - white ESEO
[Wed Oct 11 19:30:21 202] - black FSGN
[Wed Oct 11 19:30:21 202] - next
[Wed Oct 11 19:30:26 202] - new xxx
[Wed Oct 11 19:30:26 202] - black JJJJ
[Wed Oct 11 19:30:26 202] - white ASBS
[Wed Oct 11 19:30:26 202] - black HLIK
[Wed Oct 11 19:30:26 202] - white CSDS
[Wed Oct 11 19:30:26 202] - black FNGM
[Wed Oct 11 19:30:26 202] - white ESEO
[Wed Oct 11 19:30:26 202] - black FSGN
[Wed Oct 11 19:30:26 202] - white BRKI
[Wed Oct 11 19:30:26 202] - next
[Wed Oct 11 19:30:33 202] - new xxx
[Wed Oct 11 19:30:33 202] - black JJJJ
[Wed Oct 11 19:30:33 202] - white ASBS
[Wed Oct 11 19:30:33 202] - black HLIK
[Wed Oct 11 19:30:33 202] - white CSDS
[Wed Oct 11 19:30:33 202] - black FNGM
[Wed Oct 11 19:30:33 202] - white ESEO
[Wed Oct 11 19:30:33 202] - black FSGN
[Wed Oct 11 19:30:33 202] - white BRKI
[Wed Oct 11 19:30:33 202] - black GOGL
[Wed Oct 11 19:30:33 202] - next
[Wed Oct 11 19:30:39 202] - new xxx
[Wed Oct 11 19:30:39 202] - black JJJJ
[Wed Oct 11 19:30:39 202] - white ASBS
[Wed Oct 11 19:30:39 202] - black HLIK
[Wed Oct 11 19:30:39 202] - white CSDS
[Wed Oct 11 19:30:39 202] - black FNGM
[Wed Oct 11 19:30:39 202] - white ESEO
[Wed Oct 11 19:30:39 202] - black FSGN
[Wed Oct 11 19:30:39 202] - white BRKI
[Wed Oct 11 19:30:39 202] - black GOGL
[Wed Oct 11 19:30:39 202] - white CQDP
[Wed Oct 11 19:30:39 202] - next
[Wed Oct 11 19:30:45 202] - new xxx
[Wed Oct 11 19:30:45 202] - black JJJJ
[Wed Oct 11 19:30:45 202] - white ASBS
[Wed Oct 11 19:30:45 202] - black HLIK
[Wed Oct 11 19:30:45 202] - white CSDS
[Wed Oct 11 19:30:45 202] - black FNGM
[Wed Oct 11 19:30:45 202] - white ESEO
[Wed Oct 11 19:30:45 202] - black FSGN
[Wed Oct 11 19:30:45 202] - white BRKI
[Wed Oct 11 19:30:45 202] - black GOGL
[Wed Oct 11 19:30:45 202] - white CQDP
[Wed Oct 11 19:30:45 202] - black GKHK
[Wed Oct 11 19:30:45 202] - next
[Wed Oct 11 19:30:52 202] - new xxx
[Wed Oct 11 19:30:52 202] - black JJJJ
[Wed Oct 11 19:30:52 202] - white ASBS
[Wed Oct 11 19:30:52 202] - black HLIK
[Wed Oct 11 19:30:52 202] - white CSDS
[Wed Oct 11 19:30:52 202] - black FNGM
[Wed Oct 11 19:30:52 202] - white ESEO
[Wed Oct 11 19:30:52 202] - black FSGN
[Wed Oct 11 19:30:52 202] - white BRKI
[Wed Oct 11 19:30:52 202] - black GOGL
[Wed Oct 11 19:30:52 202] - white CQDP
[Wed Oct 11 19:30:52 202] - black GKHK
[Wed Oct 11 19:30:52 202] - white GPGJ
[Wed Oct 11 19:30:52 202] - next
[Wed Oct 11 19:30:59 202] - new xxx
[Wed Oct 11 19:30:59 202] - black JJJJ
[Wed Oct 11 19:30:59 202] - white ASBS
[Wed Oct 11 19:30:59 202] - black HLIK
[Wed Oct 11 19:30:59 202] - white CSDS
[Wed Oct 11 19:30:59 202] - black FNGM
[Wed Oct 11 19:30:59 202] - white ESEO
[Wed Oct 11 19:30:59 202] - black FSGN
[Wed Oct 11 19:30:59 202] - white BRKI
[Wed Oct 11 19:30:59 202] - black GOGL
[Wed Oct 11 19:30:59 202] - white CQDP
[Wed Oct 11 19:30:59 202] - black GKHK
[Wed Oct 11 19:30:59 202] - white GPGJ
[Wed Oct 11 19:30:59 202] - black FKJK
[Wed Oct 11 19:30:59 202] - next
[Wed Oct 11 19:31:07 202] - new xxx
[Wed Oct 11 19:31:07 202] - black JJJJ
[Wed Oct 11 19:31:07 202] - white ASBS
[Wed Oct 11 19:31:07 202] - black HLIK
[Wed Oct 11 19:31:07 202] - white CSDS
[Wed Oct 11 19:31:07 202] - black FNGM
[Wed Oct 11 19:31:07 202] - white ESEO
[Wed Oct 11 19:31:07 202] - black FSGN
[Wed Oct 11 19:31:07 202] - white BRKI
[Wed Oct 11 19:31:07 202] - black GOGL
[Wed Oct 11 19:31:07 202] - white CQDP
[Wed Oct 11 19:31:07 202] - black GKHK
[Wed Oct 11 19:31:07 202] - white GPGJ
[Wed Oct 11 19:31:07 202] - black FKJK
[Wed Oct 11 19:31:07 202] - white EKKK
[Wed Oct 11 19:31:07 202] - next
[Wed Oct 11 19:31:14 202] - new xxx
[Wed Oct 11 19:31:14 202] - black JJJJ
[Wed Oct 11 19:31:14 202] - white ASBS
[Wed Oct 11 19:31:14 202] - black HLIK
[Wed Oct 11 19:31:14 202] - white CSDS
[Wed Oct 11 19:31:14 202] - black FNGM
[Wed Oct 11 19:31:14 202] - white ESEO
[Wed Oct 11 19:31:14 202] - black FSGN
[Wed Oct 11 19:31:14 202] - white BRKI
[Wed Oct 11 19:31:14 202] - black GOGL
[Wed Oct 11 19:31:14 202] - white CQDP
[Wed Oct 11 19:31:14 202] - black GKHK
[Wed Oct 11 19:31:14 202] - white GPGJ
[Wed Oct 11 19:31:14 202] - black FKJK
[Wed Oct 11 19:31:14 202] - white EKKK
[Wed Oct 11 19:31:14 202] - black HMIL
[Wed Oct 11 19:31:14 202] - next
[Wed Oct 11 19:31:22 202] - new xxx
[Wed Oct 11 19:31:22 202] - black JJJJ
[Wed Oct 11 19:31:22 202] - white ASBS
[Wed Oct 11 19:31:22 202] - black HLIK
[Wed Oct 11 19:31:22 202] - white CSDS
[Wed Oct 11 19:31:22 202] - black FNGM
[Wed Oct 11 19:31:22 202] - white ESEO
[Wed Oct 11 19:31:22 202] - black FSGN
[Wed Oct 11 19:31:22 202] - white BRKI
[Wed Oct 11 19:31:22 202] - black GOGL
[Wed Oct 11 19:31:22 202] - white CQDP
[Wed Oct 11 19:31:22 202] - black GKHK
[Wed Oct 11 19:31:22 202] - white GPGJ
[Wed Oct 11 19:31:22 202] - black FKJK
[Wed Oct 11 19:31:22 202] - white EKKK
[Wed Oct 11 19:31:22 202] - black HMIL
[Wed Oct 11 19:31:22 202] - white KLKJ
[Wed Oct 11 19:31:22 202] - next
[Wed Oct 11 19:31:30 202] - new xxx
[Wed Oct 11 19:31:30 202] - black JJJJ
[Wed Oct 11 19:31:30 202] - white ASBS
[Wed Oct 11 19:31:30 202] - black HLIK
[Wed Oct 11 19:31:30 202] - white CSDS
[Wed Oct 11 19:31:30 202] - black FNGM
[Wed Oct 11 19:31:30 202] - white ESEO
[Wed Oct 11 19:31:30 202] - black FSGN
[Wed Oct 11 19:31:30 202] - white BRKI
[Wed Oct 11 19:31:30 202] - black GOGL
[Wed Oct 11 19:31:30 202] - white CQDP
[Wed Oct 11 19:31:30 202] - black GKHK
[Wed Oct 11 19:31:30 202] - white GPGJ
[Wed Oct 11 19:31:30 202] - black FKJK
[Wed Oct 11 19:31:30 202] - white EKKK
[Wed Oct 11 19:31:30 202] - black HMIL
[Wed Oct 11 19:31:30 202] - white KLKJ
[Wed Oct 11 19:31:30 202] - black HOHN
[Wed Oct 11 19:31:30 202] - next
[Wed Oct 11 19:31:38 202] - new xxx
[Wed Oct 11 19:31:38 202] - black JJJJ
[Wed Oct 11 19:31:38 202] - white ASBS
[Wed Oct 11 19:31:38 202] - black HLIK
[Wed Oct 11 19:31:38 202] - white CSDS
[Wed Oct 11 19:31:38 202] - black FNGM
[Wed Oct 11 19:31:38 202] - white ESEO
[Wed Oct 11 19:31:38 202] - black FSGN
[Wed Oct 11 19:31:38 202] - white BRKI
[Wed Oct 11 19:31:38 202] - black GOGL
[Wed Oct 11 19:31:38 202] - white CQDP
[Wed Oct 11 19:31:38 202] - black GKHK
[Wed Oct 11 19:31:38 202] - white GPGJ
[Wed Oct 11 19:31:38 202] - black FKJK
[Wed Oct 11 19:31:38 202] - white EKKK
[Wed Oct 11 19:31:38 202] - black HMIL
[Wed Oct 11 19:31:38 202] - white KLKJ
[Wed Oct 11 19:31:38 202] - black HOHN
[Wed Oct 11 19:31:38 202] - white HPKM
[Wed Oct 11 19:31:38 202] - next
[Wed Oct 11 19:31:47 202] - new xxx
[Wed Oct 11 19:31:47 202] - black JJJJ
[Wed Oct 11 19:31:47 202] - white ASBS
[Wed Oct 11 19:31:47 202] - black HLIK
[Wed Oct 11 19:31:47 202] - white CSDS
[Wed Oct 11 19:31:47 202] - black FNGM
[Wed Oct 11 19:31:47 202] - white ESEO
[Wed Oct 11 19:31:47 202] - black FSGN
[Wed Oct 11 19:31:47 202] - white BRKI
[Wed Oct 11 19:31:47 202] - black GOGL
[Wed Oct 11 19:31:47 202] - white CQDP
[Wed Oct 11 19:31:47 202] - black GKHK
[Wed Oct 11 19:31:47 202] - white GPGJ
[Wed Oct 11 19:31:47 202] - black FKJK
[Wed Oct 11 19:31:47 202] - white EKKK
[Wed Oct 11 19:31:47 202] - black HMIL
[Wed Oct 11 19:31:47 202] - white KLKJ
[Wed Oct 11 19:31:47 202] - black HOHN
[Wed Oct 11 19:31:47 202] - white HPKM
[Wed Oct 11 19:31:47 202] - black JOIN
[Wed Oct 11 19:31:47 202] - next
[Wed Oct 11 19:31:56 202] - new xxx
[Wed Oct 11 19:31:56 202] - black JJJJ
[Wed Oct 11 19:31:56 202] - white ASBS
[Wed Oct 11 19:31:56 202] - black HLIK
[Wed Oct 11 19:31:56 202] - white CSDS
[Wed Oct 11 19:31:56 202] - black FNGM
[Wed Oct 11 19:31:56 202] - white ESEO
[Wed Oct 11 19:31:56 202] - black FSGN
[Wed Oct 11 19:31:56 202] - white BRKI
[Wed Oct 11 19:31:56 202] - black GOGL
[Wed Oct 11 19:31:56 202] - white CQDP
[Wed Oct 11 19:31:56 202] - black GKHK
[Wed Oct 11 19:31:56 202] - white GPGJ
[Wed Oct 11 19:31:56 202] - black FKJK
[Wed Oct 11 19:31:56 202] - white EKKK
[Wed Oct 11 19:31:56 202] - black HMIL
[Wed Oct 11 19:31:56 202] - white KLKJ
[Wed Oct 11 19:31:56 202] - black HOHN
[Wed Oct 11 19:31:56 202] - white HPKM
[Wed Oct 11 19:31:56 202] - black JOIN
[Wed Oct 11 19:31:56 202] - white EPFP
[Wed Oct 11 19:31:56 202] - next
[Wed Oct 11 19:32:04 202] - new xxx
[Wed Oct 11 19:32:04 202] - black JJJJ
[Wed Oct 11 19:32:04 202] - white ASBS
[Wed Oct 11 19:32:04 202] - black HLIK
[Wed Oct 11 19:32:04 202] - white CSDS
[Wed Oct 11 19:32:04 202] - black FNGM
[Wed Oct 11 19:32:04 202] - white ESEO
[Wed Oct 11 19:32:04 202] - black FSGN
[Wed Oct 11 19:32:04 202] - white BRKI
[Wed Oct 11 19:32:04 202] - black GOGL
[Wed Oct 11 19:32:04 202] - white CQDP
[Wed Oct 11 19:32:04 202] - black GKHK
[Wed Oct 11 19:32:04 202] - white GPGJ
[Wed Oct 11 19:32:04 202] - black FKJK
[Wed Oct 11 19:32:04 202] - white EKKK
[Wed Oct 11 19:32:04 202] - black HMIL
[Wed Oct 11 19:32:04 202] - white KLKJ
[Wed Oct 11 19:32:04 202] - black HOHN
[Wed Oct 11 19:32:04 202] - white HPKM
[Wed Oct 11 19:32:04 202] - black JOIN
[Wed Oct 11 19:32:04 202] - white EPFP
[Wed Oct 11 19:32:04 202] - black IOIM
[Wed Oct 11 19:32:04 202] - next
[Wed Oct 11 19:32:13 202] - new xxx
[Wed Oct 11 19:32:13 202] - black JJJJ
[Wed Oct 11 19:32:13 202] - white ASBS
[Wed Oct 11 19:32:13 202] - black HLIK
[Wed Oct 11 19:32:13 202] - white CSDS
[Wed Oct 11 19:32:13 202] - black FNGM
[Wed Oct 11 19:32:13 202] - white ESEO
[Wed Oct 11 19:32:13 202] - black FSGN
[Wed Oct 11 19:32:13 202] - white BRKI
[Wed Oct 11 19:32:13 202] - black GOGL
[Wed Oct 11 19:32:13 202] - white CQDP
[Wed Oct 11 19:32:13 202] - black GKHK
[Wed Oct 11 19:32:13 202] - white GPGJ
[Wed Oct 11 19:32:13 202] - black FKJK
[Wed Oct 11 19:32:13 202] - white EKKK
[Wed Oct 11 19:32:13 202] - black HMIL
[Wed Oct 11 19:32:13 202] - white KLKJ
[Wed Oct 11 19:32:13 202] - black HOHN
[Wed Oct 11 19:32:13 202] - white HPKM
[Wed Oct 11 19:32:13 202] - black JOIN
[Wed Oct 11 19:32:13 202] - white EPFP
[Wed Oct 11 19:32:13 202] - black IOIM
[Wed Oct 11 19:32:13 202] - white EREQ
[Wed Oct 11 19:32:13 202] - next
[Wed Oct 11 19:32:22 202] - new xxx
[Wed Oct 11 19:32:22 202] - black JJJJ
[Wed Oct 11 19:32:22 202] - white ASBS
[Wed Oct 11 19:32:22 202] - black HLIK
[Wed Oct 11 19:32:22 202] - white CSDS
[Wed Oct 11 19:32:22 202] - black FNGM
[Wed Oct 11 19:32:22 202] - white ESEO
[Wed Oct 11 19:32:22 202] - black FSGN
[Wed Oct 11 19:32:22 202] - white BRKI
[Wed Oct 11 19:32:22 202] - black GOGL
[Wed Oct 11 19:32:22 202] - white CQDP
[Wed Oct 11 19:32:22 202] - black GKHK
[Wed Oct 11 19:32:22 202] - white GPGJ
[Wed Oct 11 19:32:22 202] - black FKJK
[Wed Oct 11 19:32:22 202] - white EKKK
[Wed Oct 11 19:32:22 202] - black HMIL
[Wed Oct 11 19:32:22 202] - white KLKJ
[Wed Oct 11 19:32:22 202] - black HOHN
[Wed Oct 11 19:32:22 202] - white HPKM
[Wed Oct 11 19:32:22 202] - black JOIN
[Wed Oct 11 19:32:22 202] - white EPFP
[Wed Oct 11 19:32:22 202] - black IOIM
[Wed Oct 11 19:32:22 202] - white EREQ
[Wed Oct 11 19:32:22 202] - black KOJN
[Wed Oct 11 19:32:22 202] - next
[Wed Oct 11 19:32:31 202] - new xxx
[Wed Oct 11 19:32:31 202] - black JJJJ
[Wed Oct 11 19:32:31 202] - white ASBS
[Wed Oct 11 19:32:31 202] - black HLIK
[Wed Oct 11 19:32:31 202] - white CSDS
[Wed Oct 11 19:32:31 202] - black FNGM
[Wed Oct 11 19:32:31 202] - white ESEO
[Wed Oct 11 19:32:31 202] - black FSGN
[Wed Oct 11 19:32:31 202] - white BRKI
[Wed Oct 11 19:32:31 202] - black GOGL
[Wed Oct 11 19:32:31 202] - white CQDP
[Wed Oct 11 19:32:31 202] - black GKHK
[Wed Oct 11 19:32:31 202] - white GPGJ
[Wed Oct 11 19:32:31 202] - black FKJK
[Wed Oct 11 19:32:31 202] - white EKKK
[Wed Oct 11 19:32:31 202] - black HMIL
[Wed Oct 11 19:32:31 202] - white KLKJ
[Wed Oct 11 19:32:31 202] - black HOHN
[Wed Oct 11 19:32:31 202] - white HPKM
[Wed Oct 11 19:32:31 202] - black JOIN
[Wed Oct 11 19:32:31 202] - white EPFP
[Wed Oct 11 19:32:31 202] - black IOIM
[Wed Oct 11 19:32:31 202] - white EREQ
[Wed Oct 11 19:32:31 202] - black KOJN
[Wed Oct 11 19:32:31 202] - white FOFJ
[Wed Oct 11 19:32:31 202] - next
[Wed Oct 11 19:32:40 202] - new xxx
[Wed Oct 11 19:32:40 202] - black JJJJ
[Wed Oct 11 19:32:40 202] - white ASBS
[Wed Oct 11 19:32:40 202] - black HLIK
[Wed Oct 11 19:32:40 202] - white CSDS
[Wed Oct 11 19:32:40 202] - black FNGM
[Wed Oct 11 19:32:40 202] - white ESEO
[Wed Oct 11 19:32:40 202] - black FSGN
[Wed Oct 11 19:32:40 202] - white BRKI
[Wed Oct 11 19:32:40 202] - black GOGL
[Wed Oct 11 19:32:40 202] - white CQDP
[Wed Oct 11 19:32:40 202] - black GKHK
[Wed Oct 11 19:32:40 202] - white GPGJ
[Wed Oct 11 19:32:40 202] - black FKJK
[Wed Oct 11 19:32:40 202] - white EKKK
[Wed Oct 11 19:32:40 202] - black HMIL
[Wed Oct 11 19:32:40 202] - white KLKJ
[Wed Oct 11 19:32:40 202] - black HOHN
[Wed Oct 11 19:32:40 202] - white HPKM
[Wed Oct 11 19:32:40 202] - black JOIN
[Wed Oct 11 19:32:40 202] - white EPFP
[Wed Oct 11 19:32:40 202] - black IOIM
[Wed Oct 11 19:32:40 202] - white EREQ
[Wed Oct 11 19:32:40 202] - black KOJN
[Wed Oct 11 19:32:40 202] - white FOFJ
[Wed Oct 11 19:32:40 202] - black EMFM
[Wed Oct 11 19:32:40 202] - next
[Wed Oct 11 19:32:49 202] - new xxx
[Wed Oct 11 19:32:49 202] - black JJJJ
[Wed Oct 11 19:32:49 202] - white ASBS
[Wed Oct 11 19:32:49 202] - black HLIK
[Wed Oct 11 19:32:49 202] - white CSDS
[Wed Oct 11 19:32:49 202] - black FNGM
[Wed Oct 11 19:32:49 202] - white ESEO
[Wed Oct 11 19:32:49 202] - black FSGN
[Wed Oct 11 19:32:49 202] - white BRKI
[Wed Oct 11 19:32:49 202] - black GOGL
[Wed Oct 11 19:32:49 202] - white CQDP
[Wed Oct 11 19:32:49 202] - black GKHK
[Wed Oct 11 19:32:49 202] - white GPGJ
[Wed Oct 11 19:32:49 202] - black FKJK
[Wed Oct 11 19:32:49 202] - white EKKK
[Wed Oct 11 19:32:49 202] - black HMIL
[Wed Oct 11 19:32:49 202] - white KLKJ
[Wed Oct 11 19:32:49 202] - black HOHN
[Wed Oct 11 19:32:49 202] - white HPKM
[Wed Oct 11 19:32:49 202] - black JOIN
[Wed Oct 11 19:32:49 202] - white EPFP
[Wed Oct 11 19:32:49 202] - black IOIM
[Wed Oct 11 19:32:49 202] - white EREQ
[Wed Oct 11 19:32:49 202] - black KOJN
[Wed Oct 11 19:32:49 202] - white FOFJ
[Wed Oct 11 19:32:49 202] - black EMFM
[Wed Oct 11 19:32:49 202] - white EJHJ
[Wed Oct 11 19:32:49 202] - next
[Wed Oct 11 19:32:59 202] - new xxx
[Wed Oct 11 19:32:59 202] - black JJJJ
[Wed Oct 11 19:32:59 202] - white ASBS
[Wed Oct 11 19:32:59 202] - black HLIK
[Wed Oct 11 19:32:59 202] - white CSDS
[Wed Oct 11 19:32:59 202] - black FNGM
[Wed Oct 11 19:32:59 202] - white ESEO
[Wed Oct 11 19:32:59 202] - black FSGN
[Wed Oct 11 19:32:59 202] - white BRKI
[Wed Oct 11 19:32:59 202] - black GOGL
[Wed Oct 11 19:32:59 202] - white CQDP
[Wed Oct 11 19:32:59 202] - black GKHK
[Wed Oct 11 19:32:59 202] - white GPGJ
[Wed Oct 11 19:32:59 202] - black FKJK
[Wed Oct 11 19:32:59 202] - white EKKK
[Wed Oct 11 19:32:59 202] - black HMIL
[Wed Oct 11 19:32:59 202] - white KLKJ
[Wed Oct 11 19:32:59 202] - black HOHN
[Wed Oct 11 19:32:59 202] - white HPKM
[Wed Oct 11 19:32:59 202] - black JOIN
[Wed Oct 11 19:32:59 202] - white EPFP
[Wed Oct 11 19:32:59 202] - black IOIM
[Wed Oct 11 19:32:59 202] - white EREQ
[Wed Oct 11 19:32:59 202] - black KOJN
[Wed Oct 11 19:32:59 202] - white FOFJ
[Wed Oct 11 19:32:59 202] - black EMFM
[Wed Oct 11 19:32:59 202] - white EJHJ
[Wed Oct 11 19:32:59 202] - black ELFL
[Wed Oct 11 19:32:59 202] - next
[Wed Oct 11 19:33:08 202] - new xxx
[Wed Oct 11 19:33:08 202] - black JJJJ
[Wed Oct 11 19:33:08 202] - white ASBS
[Wed Oct 11 19:33:08 202] - black HLIK
[Wed Oct 11 19:33:08 202] - white CSDS
[Wed Oct 11 19:33:08 202] - black FNGM
[Wed Oct 11 19:33:08 202] - white ESEO
[Wed Oct 11 19:33:08 202] - black FSGN
[Wed Oct 11 19:33:08 202] - white BRKI
[Wed Oct 11 19:33:08 202] - black GOGL
[Wed Oct 11 19:33:08 202] - white CQDP
[Wed Oct 11 19:33:08 202] - black GKHK
[Wed Oct 11 19:33:08 202] - white GPGJ
[Wed Oct 11 19:33:08 202] - black FKJK
[Wed Oct 11 19:33:08 202] - white EKKK
[Wed Oct 11 19:33:08 202] - black HMIL
[Wed Oct 11 19:33:08 202] - white KLKJ
[Wed Oct 11 19:33:08 202] - black HOHN
[Wed Oct 11 19:33:08 202] - white HPKM
[Wed Oct 11 19:33:08 202] - black JOIN
[Wed Oct 11 19:33:08 202] - white EPFP
[Wed Oct 11 19:33:08 202] - black IOIM
[Wed Oct 11 19:33:08 202] - white EREQ
[Wed Oct 11 19:33:08 202] - black KOJN
[Wed Oct 11 19:33:08 202] - white FOFJ
[Wed Oct 11 19:33:08 202] - black EMFM
[Wed Oct 11 19:33:08 202] - white EJHJ
[Wed Oct 11 19:33:08 202] - black ELFL
[Wed Oct 11 19:33:08 202] - white DLIJ
[Wed Oct 11 19:33:08 202] - next
[Wed Oct 11 19:33:18 202] - new xxx
[Wed Oct 11 19:33:18 202] - black JJJJ
[Wed Oct 11 19:33:18 202] - white ASBS
[Wed Oct 11 19:33:18 202] - black HLIK
[Wed Oct 11 19:33:18 202] - white CSDS
[Wed Oct 11 19:33:18 202] - black FNGM
[Wed Oct 11 19:33:18 202] - white ESEO
[Wed Oct 11 19:33:18 202] - black FSGN
[Wed Oct 11 19:33:18 202] - white BRKI
[Wed Oct 11 19:33:18 202] - black GOGL
[Wed Oct 11 19:33:18 202] - white CQDP
[Wed Oct 11 19:33:18 202] - black GKHK
[Wed Oct 11 19:33:18 202] - white GPGJ
[Wed Oct 11 19:33:18 202] - black FKJK
[Wed Oct 11 19:33:18 202] - white EKKK
[Wed Oct 11 19:33:18 202] - black HMIL
[Wed Oct 11 19:33:18 202] - white KLKJ
[Wed Oct 11 19:33:18 202] - black HOHN
[Wed Oct 11 19:33:18 202] - white HPKM
[Wed Oct 11 19:33:18 202] - black JOIN
[Wed Oct 11 19:33:18 202] - white EPFP
[Wed Oct 11 19:33:18 202] - black IOIM
[Wed Oct 11 19:33:18 202] - white EREQ
[Wed Oct 11 19:33:18 202] - black KOJN
[Wed Oct 11 19:33:18 202] - white FOFJ
[Wed Oct 11 19:33:18 202] - black EMFM
[Wed Oct 11 19:33:18 202] - white EJHJ
[Wed Oct 11 19:33:18 202] - black ELFL
[Wed Oct 11 19:33:18 202] - white DLIJ
[Wed Oct 11 19:33:18 202] - black JPDK
[Wed Oct 11 19:33:18 202] - next
[Wed Oct 11 19:33:28 202] - new xxx
[Wed Oct 11 19:33:28 202] - black JJJJ
[Wed Oct 11 19:33:28 202] - white ASBS
[Wed Oct 11 19:33:28 202] - black HLIK
[Wed Oct 11 19:33:28 202] - white CSDS
[Wed Oct 11 19:33:28 202] - black FNGM
[Wed Oct 11 19:33:28 202] - white ESEO
[Wed Oct 11 19:33:28 202] - black FSGN
[Wed Oct 11 19:33:28 202] - white BRKI
[Wed Oct 11 19:33:28 202] - black GOGL
[Wed Oct 11 19:33:28 202] - white CQDP
[Wed Oct 11 19:33:28 202] - black GKHK
[Wed Oct 11 19:33:28 202] - white GPGJ
[Wed Oct 11 19:33:28 202] - black FKJK
[Wed Oct 11 19:33:28 202] - white EKKK
[Wed Oct 11 19:33:28 202] - black HMIL
[Wed Oct 11 19:33:28 202] - white KLKJ
[Wed Oct 11 19:33:28 202] - black HOHN
[Wed Oct 11 19:33:28 202] - white HPKM
[Wed Oct 11 19:33:28 202] - black JOIN
[Wed Oct 11 19:33:28 202] - white EPFP
[Wed Oct 11 19:33:28 202] - black IOIM
[Wed Oct 11 19:33:28 202] - white EREQ
[Wed Oct 11 19:33:28 202] - black KOJN
[Wed Oct 11 19:33:28 202] - white FOFJ
[Wed Oct 11 19:33:28 202] - black EMFM
[Wed Oct 11 19:33:28 202] - white EJHJ
[Wed Oct 11 19:33:28 202] - black ELFL
[Wed Oct 11 19:33:28 202] - white DLIJ
[Wed Oct 11 19:33:28 202] - black JPDK
[Wed Oct 11 19:33:28 202] - white CMGI
[Wed Oct 11 19:33:28 202] - next
[Wed Oct 18 17:06:31 202] - name
[Wed Oct 18 17:06:31 202] - depth 4
[Wed Oct 18 17:06:37 202] - name
[Wed Oct 18 17:06:37 202] - depth 4
[Wed Oct 18 17:06:37 202] - vcf
[Wed Oct 18 17:06:39 202] - new xxx
[Wed Oct 18 17:06:39 202] - black JJJJ
[Wed Oct 18 17:06:39 202] - next
[Wed Oct 18 17:06:51 202] - new xxx
[Wed Oct 18 17:06:51 202] - black JJJJ
[Wed Oct 18 17:06:51 202] - white ASBS
[Wed Oct 18 17:06:51 202] - black CSAR
[Wed Oct 18 17:06:51 202] - next
[Wed Oct 18 17:07:05 202] - new xxx
[Wed Oct 18 17:07:05 202] - black JJJJ
[Wed Oct 18 17:07:05 202] - white ASBS
[Wed Oct 18 17:07:05 202] - black CSAR
[Wed Oct 18 17:07:05 202] - white BRBQ
[Wed Oct 18 17:07:05 202] - black IJHJ
[Wed Oct 18 17:07:05 202] - next
[Wed Oct 18 17:07:19 202] - new xxx
[Wed Oct 18 17:07:19 202] - black JJJJ
[Wed Oct 18 17:07:19 202] - white ASBS
[Wed Oct 18 17:07:19 202] - black CSAR
[Wed Oct 18 17:07:19 202] - white BRBQ
[Wed Oct 18 17:07:19 202] - black IJHJ
[Wed Oct 18 17:07:19 202] - white BPBO
[Wed Oct 18 17:07:19 202] - black BNGJ
[Wed Oct 18 17:07:19 202] - next
[Wed Oct 18 17:07:55 202] - new xxx
[Wed Oct 18 17:07:55 202] - black JJJJ
[Wed Oct 18 17:07:55 202] - white ASBS
[Wed Oct 18 17:07:55 202] - black CSAR
[Wed Oct 18 17:07:55 202] - white BRBQ
[Wed Oct 18 17:07:55 202] - black IJHJ
[Wed Oct 18 17:07:55 202] - white BPBO
[Wed Oct 18 17:07:55 202] - black BNGJ
[Wed Oct 18 17:07:55 202] - white CQDP
[Wed Oct 18 17:07:55 202] - black EOFJ
[Wed Oct 18 17:07:55 202] - next
[Wed Oct 18 17:08:17 202] - new xxx
[Wed Oct 18 17:08:17 202] - black JJJJ
[Wed Oct 18 17:08:17 202] - white ASBS
[Wed Oct 18 17:08:17 202] - black CSAR
[Wed Oct 18 17:08:17 202] - white BRBQ
[Wed Oct 18 17:08:17 202] - black IJHJ
[Wed Oct 18 17:08:17 202] - white BPBO
[Wed Oct 18 17:08:17 202] - black BNGJ
[Wed Oct 18 17:08:17 202] - white CQDP
[Wed Oct 18 17:08:17 202] - black EOFJ
[Wed Oct 18 17:08:17 202] - white EJKJ
[Wed Oct 18 17:08:17 202] - black ENDN
[Wed Oct 18 17:08:17 202] - next
[Wed Oct 18 17:08:37 202] - new xxx
[Wed Oct 18 17:08:37 202] - black JJJJ
[Wed Oct 18 17:08:37 202] - white ASBS
[Wed Oct 18 17:08:37 202] - black CSAR
[Wed Oct 18 17:08:37 202] - white BRBQ
[Wed Oct 18 17:08:37 202] - black IJHJ
[Wed Oct 18 17:08:37 202] - white BPBO
[Wed Oct 18 17:08:37 202] - black BNGJ
[Wed Oct 18 17:08:37 202] - white CQDP
[Wed Oct 18 17:08:37 202] - black EOFJ
[Wed Oct 18 17:08:37 202] - white EJKJ
[Wed Oct 18 17:08:37 202] - black ENDN
[Wed Oct 18 17:08:37 202] - white APCP
[Wed Oct 18 17:08:37 202] - black EPEM
[Wed Oct 18 17:08:37 202] - next
[Wed Oct 18 17:29:45 202] - name
[Wed Oct 18 17:29:45 202] - depth 4
[Wed Oct 18 17:31:56 202] - name
[Wed Oct 18 17:31:56 202] - depth 4
[Wed Oct 18 17:32:08 202] - name
[Wed Oct 18 17:32:08 202] - depth 4
[Wed Oct 18 17:32:13 202] - name
[Wed Oct 18 17:32:13 202] - depth 4
[Wed Oct 18 17:32:13 202] - vcf
[Wed Oct 18 17:32:14 202] - name
[Wed Oct 18 17:32:14 202] - depth 4
[Wed Oct 18 17:32:14 202] - vcf
[Wed Oct 18 17:32:14 202] - new xxx
[Wed Oct 18 17:32:14 202] - next
[Wed Oct 18 17:32:15 202] - new xxx
[Wed Oct 18 17:32:15 202] - black JJJJ
[Wed Oct 18 17:32:15 202] - next
[Wed Oct 18 17:32:22 202] - new xxx
[Wed Oct 18 17:32:22 202] - black JJJJ
[Wed Oct 18 17:32:22 202] - white ASBS
[Wed Oct 18 17:32:22 202] - next
[Wed Oct 18 17:32:30 202] - new xxx
[Wed Oct 18 17:32:30 202] - black JJJJ
[Wed Oct 18 17:32:30 202] - white ASBS
[Wed Oct 18 17:32:30 202] - black HLIK
[Wed Oct 18 17:32:30 202] - next
[Wed Oct 18 17:32:38 202] - new xxx
[Wed Oct 18 17:32:38 202] - black JJJJ
[Wed Oct 18 17:32:38 202] - white ASBS
[Wed Oct 18 17:32:38 202] - black HLIK
[Wed Oct 18 17:32:38 202] - white CSDS
[Wed Oct 18 17:32:38 202] - next
[Wed Oct 18 17:32:47 202] - new xxx
[Wed Oct 18 17:32:47 202] - black JJJJ
[Wed Oct 18 17:32:47 202] - white ASBS
[Wed Oct 18 17:32:47 202] - black HLIK
[Wed Oct 18 17:32:47 202] - white CSDS
[Wed Oct 18 17:32:47 202] - black FNGM
[Wed Oct 18 17:32:47 202] - next
[Wed Oct 18 17:32:56 202] - new xxx
[Wed Oct 18 17:32:56 202] - black JJJJ
[Wed Oct 18 17:32:56 202] - white ASBS
[Wed Oct 18 17:32:56 202] - black HLIK
[Wed Oct 18 17:32:56 202] - white CSDS
[Wed Oct 18 17:32:56 202] - black FNGM
[Wed Oct 18 17:32:56 202] - white ESEO
[Wed Oct 18 17:32:56 202] - next
[Wed Oct 18 17:33:06 202] - new xxx
[Wed Oct 18 17:33:06 202] - black JJJJ
[Wed Oct 18 17:33:06 202] - white ASBS
[Wed Oct 18 17:33:06 202] - black HLIK
[Wed Oct 18 17:33:06 202] - white CSDS
[Wed Oct 18 17:33:06 202] - black FNGM
[Wed Oct 18 17:33:06 202] - white ESEO
[Wed Oct 18 17:33:06 202] - black FSGN
[Wed Oct 18 17:33:06 202] - next
[Wed Oct 18 17:33:17 202] - new xxx
[Wed Oct 18 17:33:17 202] - black JJJJ
[Wed Oct 18 17:33:17 202] - white ASBS
[Wed Oct 18 17:33:17 202] - black HLIK
[Wed Oct 18 17:33:17 202] - white CSDS
[Wed Oct 18 17:33:17 202] - black FNGM
[Wed Oct 18 17:33:17 202] - white ESEO
[Wed Oct 18 17:33:17 202] - black FSGN
[Wed Oct 18 17:33:17 202] - white BRKI
[Wed Oct 18 17:33:17 202] - next
[Wed Oct 18 17:33:27 202] - new xxx
[Wed Oct 18 17:33:27 202] - black JJJJ
[Wed Oct 18 17:33:27 202] - white ASBS
[Wed Oct 18 17:33:27 202] - black HLIK
[Wed Oct 18 17:33:27 202] - white CSDS
[Wed Oct 18 17:33:27 202] - black FNGM
[Wed Oct 18 17:33:27 202] - white ESEO
[Wed Oct 18 17:33:27 202] - black FSGN
[Wed Oct 18 17:33:27 202] - white BRKI
[Wed Oct 18 17:33:27 202] - black GOGL
[Wed Oct 18 17:33:27 202] - next
[Wed Oct 18 17:33:39 202] - new xxx
[Wed Oct 18 17:33:39 202] - black JJJJ
[Wed Oct 18 17:33:39 202] - white ASBS
[Wed Oct 18 17:33:39 202] - black HLIK
[Wed Oct 18 17:33:39 202] - white CSDS
[Wed Oct 18 17:33:39 202] - black FNGM
[Wed Oct 18 17:33:39 202] - white ESEO
[Wed Oct 18 17:33:39 202] - black FSGN
[Wed Oct 18 17:33:39 202] - white BRKI
[Wed Oct 18 17:33:39 202] - black GOGL
[Wed Oct 18 17:33:39 202] - white CQDP
[Wed Oct 18 17:33:39 202] - next
[Wed Oct 18 17:33:51 202] - new xxx
[Wed Oct 18 17:33:51 202] - black JJJJ
[Wed Oct 18 17:33:51 202] - white ASBS
[Wed Oct 18 17:33:51 202] - black HLIK
[Wed Oct 18 17:33:51 202] - white CSDS
[Wed Oct 18 17:33:51 202] - black FNGM
[Wed Oct 18 17:33:51 202] - white ESEO
[Wed Oct 18 17:33:51 202] - black FSGN
[Wed Oct 18 17:33:51 202] - white BRKI
[Wed Oct 18 17:33:51 202] - black GOGL
[Wed Oct 18 17:33:51 202] - white CQDP
[Wed Oct 18 17:33:51 202] - black GKHK
[Wed Oct 18 17:33:51 202] - next
[Wed Oct 18 17:34:03 202] - new xxx
[Wed Oct 18 17:34:03 202] - black JJJJ
[Wed Oct 18 17:34:03 202] - white ASBS
[Wed Oct 18 17:34:03 202] - black HLIK
[Wed Oct 18 17:34:03 202] - white CSDS
[Wed Oct 18 17:34:03 202] - black FNGM
[Wed Oct 18 17:34:03 202] - white ESEO
[Wed Oct 18 17:34:03 202] - black FSGN
[Wed Oct 18 17:34:03 202] - white BRKI
[Wed Oct 18 17:34:03 202] - black GOGL
[Wed Oct 18 17:34:03 202] - white CQDP
[Wed Oct 18 17:34:03 202] - black GKHK
[Wed Oct 18 17:34:03 202] - white GPGJ
[Wed Oct 18 17:34:03 202] - next
[Wed Oct 18 17:34:16 202] - new xxx
[Wed Oct 18 17:34:16 202] - black JJJJ
[Wed Oct 18 17:34:16 202] - white ASBS
[Wed Oct 18 17:34:16 202] - black HLIK
[Wed Oct 18 17:34:16 202] - white CSDS
[Wed Oct 18 17:34:16 202] - black FNGM
[Wed Oct 18 17:34:16 202] - white ESEO
[Wed Oct 18 17:34:16 202] - black FSGN
[Wed Oct 18 17:34:16 202] - white BRKI
[Wed Oct 18 17:34:16 202] - black GOGL
[Wed Oct 18 17:34:16 202] - white CQDP
[Wed Oct 18 17:34:16 202] - black GKHK
[Wed Oct 18 17:34:16 202] - white GPGJ
[Wed Oct 18 17:34:16 202] - black FKJK
[Wed Oct 18 17:34:16 202] - next
[Wed Oct 18 17:34:29 202] - new xxx
[Wed Oct 18 17:34:29 202] - black JJJJ
[Wed Oct 18 17:34:29 202] - white ASBS
[Wed Oct 18 17:34:29 202] - black HLIK
[Wed Oct 18 17:34:29 202] - white CSDS
[Wed Oct 18 17:34:29 202] - black FNGM
[Wed Oct 18 17:34:29 202] - white ESEO
[Wed Oct 18 17:34:29 202] - black FSGN
[Wed Oct 18 17:34:29 202] - white BRKI
[Wed Oct 18 17:34:29 202] - black GOGL
[Wed Oct 18 17:34:29 202] - white CQDP
[Wed Oct 18 17:34:29 202] - black GKHK
[Wed Oct 18 17:34:29 202] - white GPGJ
[Wed Oct 18 17:34:29 202] - black FKJK
[Wed Oct 18 17:34:29 202] - white EKKK
[Wed Oct 18 17:34:29 202] - next
[Wed Oct 18 17:52:24 202] - name
[Wed Oct 18 17:52:24 202] - depth 4
[Wed Oct 18 17:52:41 202] - name
[Wed Oct 18 17:52:41 202] - depth 4
[Wed Oct 18 17:52:43 202] - name
[Wed Oct 18 17:52:43 202] - depth 4
[Wed Oct 18 17:52:43 202] - vcf
[Wed Oct 18 17:52:44 202] - name
[Wed Oct 18 17:52:44 202] - depth 4
[Wed Oct 18 17:52:44 202] - vcf
[Wed Oct 18 17:52:45 202] - new xxx
[Wed Oct 18 17:52:45 202] - next
[Wed Oct 18 17:52:45 202] - new xxx
[Wed Oct 18 17:52:45 202] - black JJJJ
[Wed Oct 18 17:52:45 202] - next
[Wed Oct 18 17:52:53 202] - new xxx
[Wed Oct 18 17:52:53 202] - black JJJJ
[Wed Oct 18 17:52:53 202] - white JKIJ
[Wed Oct 18 17:52:53 202] - next
[Wed Oct 18 17:53:01 202] - new xxx
[Wed Oct 18 17:53:01 202] - black JJJJ
[Wed Oct 18 17:53:01 202] - white JKIJ
[Wed Oct 18 17:53:01 202] - black IIHH
[Wed Oct 18 17:53:01 202] - next
[Wed Oct 18 17:53:10 202] - new xxx
[Wed Oct 18 17:53:10 202] - black JJJJ
[Wed Oct 18 17:53:10 202] - white JKIJ
[Wed Oct 18 17:53:10 202] - black IIHH
[Wed Oct 18 17:53:10 202] - white HIGH
[Wed Oct 18 17:53:10 202] - next
[Wed Oct 18 17:53:20 202] - new xxx
[Wed Oct 18 17:53:20 202] - black JJJJ
[Wed Oct 18 17:53:20 202] - white JKIJ
[Wed Oct 18 17:53:20 202] - black IIHH
[Wed Oct 18 17:53:20 202] - white HIGH
[Wed Oct 18 17:53:20 202] - black KLFG
[Wed Oct 18 17:53:20 202] - next
[Wed Oct 18 17:53:31 202] - new xxx
[Wed Oct 18 17:53:31 202] - black JJJJ
[Wed Oct 18 17:53:31 202] - white JKIJ
[Wed Oct 18 17:53:31 202] - black IIHH
[Wed Oct 18 17:53:31 202] - white HIGH
[Wed Oct 18 17:53:31 202] - black KLFG
[Wed Oct 18 17:53:31 202] - white IKKK
[Wed Oct 18 17:53:31 202] - next
[Wed Oct 18 17:53:43 202] - new xxx
[Wed Oct 18 17:53:43 202] - black JJJJ
[Wed Oct 18 17:53:43 202] - white JKIJ
[Wed Oct 18 17:53:43 202] - black IIHH
[Wed Oct 18 17:53:43 202] - white HIGH
[Wed Oct 18 17:53:43 202] - black KLFG
[Wed Oct 18 17:53:43 202] - white IKKK
[Wed Oct 18 17:53:43 202] - black GGFF
[Wed Oct 18 17:53:43 202] - next
[Wed Oct 18 17:53:55 202] - new xxx
[Wed Oct 18 17:53:55 202] - black JJJJ
[Wed Oct 18 17:53:55 202] - white JKIJ
[Wed Oct 18 17:53:55 202] - black IIHH
[Wed Oct 18 17:53:55 202] - white HIGH
[Wed Oct 18 17:53:55 202] - black KLFG
[Wed Oct 18 17:53:55 202] - white IKKK
[Wed Oct 18 17:53:55 202] - black GGFF
[Wed Oct 18 17:53:55 202] - white LKMK
[Wed Oct 18 17:53:55 202] - next
[Wed Oct 18 17:54:08 202] - new xxx
[Wed Oct 18 17:54:08 202] - black JJJJ
[Wed Oct 18 17:54:08 202] - white JKIJ
[Wed Oct 18 17:54:08 202] - black IIHH
[Wed Oct 18 17:54:08 202] - white HIGH
[Wed Oct 18 17:54:08 202] - black KLFG
[Wed Oct 18 17:54:08 202] - white IKKK
[Wed Oct 18 17:54:08 202] - black GGFF
[Wed Oct 18 17:54:08 202] - white LKMK
[Wed Oct 18 17:54:08 202] - black HKNK
[Wed Oct 18 17:54:08 202] - next
[Wed Oct 18 17:54:22 202] - new xxx
[Wed Oct 18 17:54:22 202] - black JJJJ
[Wed Oct 18 17:54:22 202] - white JKIJ
[Wed Oct 18 17:54:22 202] - black IIHH
[Wed Oct 18 17:54:22 202] - white HIGH
[Wed Oct 18 17:54:22 202] - black KLFG
[Wed Oct 18 17:54:22 202] - white IKKK
[Wed Oct 18 17:54:22 202] - black GGFF
[Wed Oct 18 17:54:22 202] - white LKMK
[Wed Oct 18 17:54:22 202] - black HKNK
[Wed Oct 18 17:54:22 202] - white IMIL
[Wed Oct 18 17:54:22 202] - next
[Wed Oct 18 17:58:00 202] - name
[Wed Oct 18 17:58:09 202] - name
[Wed Oct 18 17:58:09 202] - depth 4
[Wed Oct 18 17:58:14 202] - name
[Wed Oct 18 17:58:14 202] - depth 4
[Wed Oct 18 17:58:14 202] - vcf
[Wed Oct 18 17:58:15 202] - new xxx
[Wed Oct 18 17:58:15 202] - black JJJJ
[Wed Oct 18 17:58:15 202] - next
[Wed Oct 18 17:58:29 202] - new xxx
[Wed Oct 18 17:58:29 202] - black JJJJ
[Wed Oct 18 17:58:29 202] - white JKIJ
[Wed Oct 18 17:58:29 202] - black IIHH
[Wed Oct 18 17:58:29 202] - next
[Wed Oct 18 17:58:44 202] - new xxx
[Wed Oct 18 17:58:44 202] - black JJJJ
[Wed Oct 18 17:58:44 202] - white JKIJ
[Wed Oct 18 17:58:44 202] - black IIHH
[Wed Oct 18 17:58:44 202] - white HIGH
[Wed Oct 18 17:58:44 202] - black FGGG
[Wed Oct 18 17:58:44 202] - next
[Wed Oct 18 18:11:23 202] - name
[Wed Oct 18 18:11:23 202] - depth 4
[Wed Oct 18 18:11:34 202] - name
[Wed Oct 18 18:11:34 202] - depth 4
[Wed Oct 18 18:11:38 202] - name
[Wed Oct 18 18:11:38 202] - depth 4
[Wed Oct 18 18:11:38 202] - vcf
[Wed Oct 18 18:11:39 202] - new xxx
[Wed Oct 18 18:11:39 202] - black JJJJ
[Wed Oct 18 18:11:39 202] - next
[Wed Oct 18 18:11:53 202] - new xxx
[Wed Oct 18 18:11:53 202] - black JJJJ
[Wed Oct 18 18:11:53 202] - white JKIJ
[Wed Oct 18 18:11:53 202] - black KLHI
[Wed Oct 18 18:11:53 202] - next
[Wed Oct 18 18:12:08 202] - new xxx
[Wed Oct 18 18:12:08 202] - black JJJJ
[Wed Oct 18 18:12:08 202] - white JKIJ
[Wed Oct 18 18:12:08 202] - black KLHI
[Wed Oct 18 18:12:08 202] - white ILIK
[Wed Oct 18 18:12:08 202] - black IIIN
[Wed Oct 18 18:12:08 202] - next
[Wed Oct 18 18:12:27 202] - new xxx
[Wed Oct 18 18:12:27 202] - black JJJJ
[Wed Oct 18 18:12:27 202] - white JKIJ
[Wed Oct 18 18:12:27 202] - black KLHI
[Wed Oct 18 18:12:27 202] - white ILIK
[Wed Oct 18 18:12:27 202] - black IIIN
[Wed Oct 18 18:12:27 202] - white HKKK
[Wed Oct 18 18:12:27 202] - black LKGK
[Wed Oct 18 18:12:27 202] - next
[Wed Oct 18 18:12:47 202] - new xxx
[Wed Oct 18 18:12:47 202] - black JJJJ
[Wed Oct 18 18:12:47 202] - white JKIJ
[Wed Oct 18 18:12:47 202] - black KLHI
[Wed Oct 18 18:12:47 202] - white ILIK
[Wed Oct 18 18:12:47 202] - black IIIN
[Wed Oct 18 18:12:47 202] - white HKKK
[Wed Oct 18 18:12:47 202] - black LKGK
[Wed Oct 18 18:12:47 202] - white JMGJ
[Wed Oct 18 18:12:47 202] - black JIKI
[Wed Oct 18 18:12:47 202] - next
[Wed Oct 18 18:13:21 202] - name
[Wed Oct 18 18:13:21 202] - depth 4
[Wed Oct 18 18:13:21 202] - vcf
[Wed Oct 18 18:13:22 202] - new xxx
[Wed Oct 18 18:13:22 202] - black JJJJ
[Wed Oct 18 18:13:22 202] - next
[Wed Oct 18 18:13:49 202] - new xxx
[Wed Oct 18 18:13:49 202] - black JJJJ
[Wed Oct 18 18:13:49 202] - white JKIJ
[Wed Oct 18 18:13:49 202] - black KJLJ
[Wed Oct 18 18:13:49 202] - next
[Wed Oct 18 18:14:03 202] - new xxx
[Wed Oct 18 18:14:03 202] - black JJJJ
[Wed Oct 18 18:14:03 202] - white JKIJ
[Wed Oct 18 18:14:03 202] - black KJLJ
[Wed Oct 18 18:14:03 202] - white HIGH
[Wed Oct 18 18:14:03 202] - black FGKL
[Wed Oct 18 18:14:03 202] - next
[Wed Oct 18 18:14:29 202] - new xxx
[Wed Oct 18 18:14:29 202] - black JJJJ
[Wed Oct 18 18:14:29 202] - white JKIJ
[Wed Oct 18 18:14:29 202] - black KJLJ
[Wed Oct 18 18:14:29 202] - white HIGH
[Wed Oct 18 18:14:29 202] - black FGKL
[Wed Oct 18 18:14:29 202] - white IIIH
[Wed Oct 18 18:14:29 202] - black MJNJ
[Wed Oct 18 18:14:29 202] - next
[Wed Oct 18 18:15:09 202] - new xxx
[Wed Oct 18 18:15:09 202] - black JJJJ
[Wed Oct 18 18:15:09 202] - white JKIJ
[Wed Oct 18 18:15:09 202] - black KJLJ
[Wed Oct 18 18:15:09 202] - white HIGH
[Wed Oct 18 18:15:09 202] - black FGKL
[Wed Oct 18 18:15:09 202] - white IIIH
[Wed Oct 18 18:15:09 202] - black MJNJ
[Wed Oct 18 18:15:09 202] - white IKOJ
[Wed Oct 18 18:15:09 202] - black LKJM
[Wed Oct 18 18:15:09 202] - next
[Wed Oct 18 18:15:44 202] - name
[Wed Oct 18 18:15:44 202] - depth 4
[Wed Oct 18 18:15:44 202] - vcf
[Wed Oct 18 18:15:46 202] - new xxx
[Wed Oct 18 18:15:46 202] - black JJJJ
[Wed Oct 18 18:15:46 202] - next
[Wed Oct 18 18:16:07 202] - new xxx
[Wed Oct 18 18:16:07 202] - black JJJJ
[Wed Oct 18 18:16:07 202] - white JKIJ
[Wed Oct 18 18:16:07 202] - black KKDP
[Wed Oct 18 18:16:07 202] - next
[Wed Oct 18 18:16:20 202] - new xxx
[Wed Oct 18 18:16:20 202] - black JJJJ
[Wed Oct 18 18:16:20 202] - white JKIJ
[Wed Oct 18 18:16:20 202] - black KKDP
[Wed Oct 18 18:16:20 202] - white HIGH
[Wed Oct 18 18:16:20 202] - black FGKL
[Wed Oct 18 18:16:20 202] - next
[Wed Oct 18 18:16:44 202] - new xxx
[Wed Oct 18 18:16:44 202] - black JJJJ
[Wed Oct 18 18:16:44 202] - white JKIJ
[Wed Oct 18 18:16:44 202] - black KKDP
[Wed Oct 18 18:16:44 202] - white HIGH
[Wed Oct 18 18:16:44 202] - black FGKL
[Wed Oct 18 18:16:44 202] - white IIIH
[Wed Oct 18 18:16:44 202] - black LLJL
[Wed Oct 18 18:16:44 202] - next
[Wed Oct 18 18:17:05 202] - new xxx
[Wed Oct 18 18:17:05 202] - black JJJJ
[Wed Oct 18 18:17:05 202] - white JKIJ
[Wed Oct 18 18:17:05 202] - black KKDP
[Wed Oct 18 18:17:05 202] - white HIGH
[Wed Oct 18 18:17:05 202] - black FGKL
[Wed Oct 18 18:17:05 202] - white IIIH
[Wed Oct 18 18:17:05 202] - black LLJL
[Wed Oct 18 18:17:05 202] - white ILIK
[Wed Oct 18 18:17:05 202] - black IGIM
[Wed Oct 18 18:17:05 202] - next
[Wed Oct 18 18:17:31 202] - new xxx
[Wed Oct 18 18:17:31 202] - black JJJJ
[Wed Oct 18 18:17:31 202] - white JKIJ
[Wed Oct 18 18:17:31 202] - black KKDP
[Wed Oct 18 18:17:31 202] - white HIGH
[Wed Oct 18 18:17:31 202] - black FGKL
[Wed Oct 18 18:17:31 202] - white IIIH
[Wed Oct 18 18:17:31 202] - black LLJL
[Wed Oct 18 18:17:31 202] - white ILIK
[Wed Oct 18 18:17:31 202] - black IGIM
[Wed Oct 18 18:17:31 202] - white JIKI
[Wed Oct 18 18:17:31 202] - black LIGI
[Wed Oct 18 18:17:31 202] - next
[Wed Oct 18 18:17:59 202] - new xxx
[Wed Oct 18 18:17:59 202] - black JJJJ
[Wed Oct 18 18:17:59 202] - white JKIJ
[Wed Oct 18 18:17:59 202] - black KKDP
[Wed Oct 18 18:17:59 202] - white HIGH
[Wed Oct 18 18:17:59 202] - black FGKL
[Wed Oct 18 18:17:59 202] - white IIIH
[Wed Oct 18 18:17:59 202] - black LLJL
[Wed Oct 18 18:17:59 202] - white ILIK
[Wed Oct 18 18:17:59 202] - black IGIM
[Wed Oct 18 18:17:59 202] - white JIKI
[Wed Oct 18 18:17:59 202] - black LIGI
[Wed Oct 18 18:17:59 202] - white KJHG
[Wed Oct 18 18:17:59 202] - black GFLK
[Wed Oct 18 18:17:59 202] - next
[Wed Oct 18 18:18:29 202] - new xxx
[Wed Oct 18 18:18:29 202] - black JJJJ
[Wed Oct 18 18:18:29 202] - white JKIJ
[Wed Oct 18 18:18:29 202] - black KKDP
[Wed Oct 18 18:18:29 202] - white HIGH
[Wed Oct 18 18:18:29 202] - black FGKL
[Wed Oct 18 18:18:29 202] - white IIIH
[Wed Oct 18 18:18:29 202] - black LLJL
[Wed Oct 18 18:18:29 202] - white ILIK
[Wed Oct 18 18:18:29 202] - black IGIM
[Wed Oct 18 18:18:29 202] - white JIKI
[Wed Oct 18 18:18:29 202] - black LIGI
[Wed Oct 18 18:18:29 202] - white KJHG
[Wed Oct 18 18:18:29 202] - black GFLK
[Wed Oct 18 18:18:29 202] - white HJHH
[Wed Oct 18 18:18:29 202] - black HKHF
[Wed Oct 18 18:18:29 202] - next
[Wed Oct 18 18:18:56 202] - new xxx
[Wed Oct 18 18:18:56 202] - black JJJJ
[Wed Oct 18 18:18:56 202] - white JKIJ
[Wed Oct 18 18:18:56 202] - black KKDP
[Wed Oct 18 18:18:56 202] - white HIGH
[Wed Oct 18 18:18:56 202] - black FGKL
[Wed Oct 18 18:18:56 202] - white IIIH
[Wed Oct 18 18:18:56 202] - black LLJL
[Wed Oct 18 18:18:56 202] - white ILIK
[Wed Oct 18 18:18:56 202] - black IGIM
[Wed Oct 18 18:18:56 202] - white JIKI
[Wed Oct 18 18:18:56 202] - black LIGI
[Wed Oct 18 18:18:56 202] - white KJHG
[Wed Oct 18 18:18:56 202] - black GFLK
[Wed Oct 18 18:18:56 202] - white HJHH
[Wed Oct 18 18:18:56 202] - black HKHF
[Wed Oct 18 18:18:56 202] - white JHKH
[Wed Oct 18 18:18:56 202] - black FHLH
[Wed Oct 18 18:18:56 202] - next
[Wed Oct 18 18:19:24 202] - new xxx
[Wed Oct 18 18:19:24 202] - black JJJJ
[Wed Oct 18 18:19:24 202] - white JKIJ
[Wed Oct 18 18:19:24 202] - black KKDP
[Wed Oct 18 18:19:24 202] - white HIGH
[Wed Oct 18 18:19:24 202] - black FGKL
[Wed Oct 18 18:19:24 202] - white IIIH
[Wed Oct 18 18:19:24 202] - black LLJL
[Wed Oct 18 18:19:24 202] - white ILIK
[Wed Oct 18 18:19:24 202] - black IGIM
[Wed Oct 18 18:19:24 202] - white JIKI
[Wed Oct 18 18:19:24 202] - black LIGI
[Wed Oct 18 18:19:24 202] - white KJHG
[Wed Oct 18 18:19:24 202] - black GFLK
[Wed Oct 18 18:19:24 202] - white HJHH
[Wed Oct 18 18:19:24 202] - black HKHF
[Wed Oct 18 18:19:24 202] - white JHKH
[Wed Oct 18 18:19:24 202] - black FHLH
[Wed Oct 18 18:19:24 202] - white KGLF
[Wed Oct 18 18:19:24 202] - black GKME
[Wed Oct 18 18:19:24 202] - next
[Wed Oct 18 18:20:07 202] - name
[Wed Oct 18 18:20:07 202] - depth 4
[Wed Oct 18 18:20:07 202] - vcf
[Wed Oct 18 18:20:07 202] - new xxx
[Wed Oct 18 18:20:07 202] - black JJJJ
[Wed Oct 18 18:20:07 202] - next
[Wed Oct 18 18:20:15 202] - new xxx
[Wed Oct 18 18:20:16 202] - black JJJJ
[Wed Oct 18 18:20:16 202] - white JKIJ
[Wed Oct 18 18:20:16 202] - black KLKK
[Wed Oct 18 18:20:16 202] - next
[Wed Oct 18 18:20:25 202] - new xxx
[Wed Oct 18 18:20:25 202] - black JJJJ
[Wed Oct 18 18:20:25 202] - white JKIJ
[Wed Oct 18 18:20:25 202] - black KLKK
[Wed Oct 18 18:20:25 202] - white HIGH
[Wed Oct 18 18:20:25 202] - black FGJL
[Wed Oct 18 18:20:25 202] - next
[Wed Oct 18 18:20:43 202] - new xxx
[Wed Oct 18 18:20:43 202] - black JJJJ
[Wed Oct 18 18:20:43 202] - white JKIJ
[Wed Oct 18 18:20:43 202] - black KLKK
[Wed Oct 18 18:20:43 202] - white HIGH
[Wed Oct 18 18:20:43 202] - black FGJL
[Wed Oct 18 18:20:43 202] - white IIIH
[Wed Oct 18 18:20:43 202] - black KIKJ
[Wed Oct 18 18:20:43 202] - next
[Wed Oct 18 18:21:15 202] - name
[Wed Oct 18 18:21:15 202] - depth 4
[Wed Oct 18 18:21:15 202] - vcf
[Wed Oct 18 18:21:16 202] - new xxx
[Wed Oct 18 18:21:16 202] - black JJJJ
[Wed Oct 18 18:21:16 202] - next
[Wed Oct 18 18:21:24 202] - new xxx
[Wed Oct 18 18:21:24 202] - black JJJJ
[Wed Oct 18 18:21:24 202] - white JKIJ
[Wed Oct 18 18:21:24 202] - black KLKK
[Wed Oct 18 18:21:24 202] - next
[Wed Oct 18 18:21:33 202] - new xxx
[Wed Oct 18 18:21:33 202] - black JJJJ
[Wed Oct 18 18:21:33 202] - white JKIJ
[Wed Oct 18 18:21:33 202] - black KLKK
[Wed Oct 18 18:21:33 202] - white HIGH
[Wed Oct 18 18:21:33 202] - black FGJL
[Wed Oct 18 18:21:33 202] - next
[Wed Oct 18 18:21:51 202] - new xxx
[Wed Oct 18 18:21:51 202] - black JJJJ
[Wed Oct 18 18:21:51 202] - white JKIJ
[Wed Oct 18 18:21:51 202] - black KLKK
[Wed Oct 18 18:21:51 202] - white HIGH
[Wed Oct 18 18:21:51 202] - black FGJL
[Wed Oct 18 18:21:51 202] - white IIIH
[Wed Oct 18 18:21:51 202] - black KIKJ
[Wed Oct 18 18:21:51 202] - next
[Wed Oct 18 18:30:39 202] - name
[Wed Oct 18 18:30:39 202] - depth 4
[Wed Oct 18 18:30:43 202] - name
[Wed Oct 18 18:30:43 202] - depth 4
[Wed Oct 18 18:30:43 202] - vcf
[Wed Oct 18 18:30:44 202] - new xxx
[Wed Oct 18 18:30:44 202] - black JJJJ
[Wed Oct 18 18:30:44 202] - next
[Wed Oct 18 18:30:59 202] - new xxx
[Wed Oct 18 18:30:59 202] - black JJJJ
[Wed Oct 18 18:30:59 202] - white JKIJ
[Wed Oct 18 18:30:59 202] - black KLKK
[Wed Oct 18 18:30:59 202] - next
[Wed Oct 18 18:31:15 202] - new xxx
[Wed Oct 18 18:31:15 202] - black JJJJ
[Wed Oct 18 18:31:15 202] - white JKIJ
[Wed Oct 18 18:31:15 202] - black KLKK
[Wed Oct 18 18:31:15 202] - white HIGH
[Wed Oct 18 18:31:15 202] - black FGJL
[Wed Oct 18 18:31:15 202] - next
[Wed Oct 18 18:31:33 202] - new xxx
[Wed Oct 18 18:31:33 202] - black JJJJ
[Wed Oct 18 18:31:33 202] - white JKIJ
[Wed Oct 18 18:31:33 202] - black KLKK
[Wed Oct 18 18:31:33 202] - white HIGH
[Wed Oct 18 18:31:33 202] - black FGJL
[Wed Oct 18 18:31:33 202] - white IIIH
[Wed Oct 18 18:31:33 202] - black KIKJ
[Wed Oct 18 18:31:33 202] - next
[Wed Oct 18 19:14:26 202] - name
[Wed Oct 18 19:14:40 202] - name
[Wed Oct 18 19:14:40 202] - depth 4
[Wed Oct 18 19:14:40 202] - vcf
[Wed Oct 18 19:14:40 202] - new xxx
[Wed Oct 18 19:14:40 202] - black JJJJ
[Wed Oct 18 19:14:40 202] - next
[Wed Oct 18 19:14:52 202] - new xxx
[Wed Oct 18 19:14:52 202] - black JJJJ
[Wed Oct 18 19:14:52 202] - white JKIJ
[Wed Oct 18 19:14:52 202] - black KLKK
[Wed Oct 18 19:14:52 202] - next
[Wed Oct 18 19:15:09 202] - new xxx
[Wed Oct 18 19:15:09 202] - black JJJJ
[Wed Oct 18 19:15:09 202] - white JKIJ
[Wed Oct 18 19:15:09 202] - black KLKK
[Wed Oct 18 19:15:09 202] - white HIGH
[Wed Oct 18 19:15:09 202] - black FGJL
[Wed Oct 18 19:15:09 202] - next
[Wed Oct 18 19:15:28 202] - new xxx
[Wed Oct 18 19:15:28 202] - black JJJJ
[Wed Oct 18 19:15:28 202] - white JKIJ
[Wed Oct 18 19:15:28 202] - black KLKK
[Wed Oct 18 19:15:28 202] - white HIGH
[Wed Oct 18 19:15:28 202] - black FGJL
[Wed Oct 18 19:15:28 202] - white IIIH
[Wed Oct 18 19:15:28 202] - black KIKJ
[Wed Oct 18 19:15:28 202] - next
