[Mon Nov 20 18:45:17 202] - new black
[Mon Nov 20 18:45:26 202] - white JKJM
[Mon Nov 20 18:45:45 202] - next
[Mon Nov 20 18:45:54 202] - print
[Mon Nov 20 18:46:31 202] - white HJLJ
[Mon Nov 20 18:46:34 202] - next
[Mon Nov 20 18:46:39 202] - print
[Mon Nov 20 18:47:28 202] - white LKLI
[Mon Nov 20 18:47:30 202] - next
[Mon Nov 20 18:47:37 202] - print
[Mon Nov 20 18:48:21 202] - white INIH
[Mon Nov 20 18:48:24 202] - next
[Mon Nov 20 18:48:30 202] - print
[Mon Nov 20 18:49:02 202] - white MMHH
[Mon Nov 20 18:49:11 202] - next
[Mon Nov 20 18:49:18 202] - print
[Mon Nov 20 18:50:12 202] - white MGHL
[Mon Nov 20 18:50:16 202] - next
[Mon Nov 20 18:50:27 202] - print
[Mon Nov 20 18:51:19 202] - white KNKH
[Mon Nov 20 18:51:23 202] - next
[Mon Nov 20 18:51:33 202] - print
[Mon Nov 20 18:52:16 202] - white NLGH
[Mon Nov 20 18:52:22 202] - next
[Mon Nov 20 18:52:38 202] - print
[Mon Nov 20 18:53:25 202] - print
[Mon Nov 20 18:53:35 202] - white JHFH
[Mon Nov 20 18:53:43 202] - next
[Mon Nov 20 18:54:01 202] - print
[Mon Nov 20 20:28:27 202] - new white
[Mon Nov 20 20:28:35 202] - black MNKL
[Mon Nov 20 20:28:37 202] - next
[Mon Nov 20 20:29:14 202] - new white
[Mon Nov 20 20:29:20 202] - black MN
[Mon Nov 20 20:29:25 202] - next
[Mon Nov 20 20:29:43 202] - print
[Mon Nov 20 20:30:09 202] - black MLLJ
[Mon Nov 20 20:30:11 202] - next
[Mon Nov 20 20:30:19 202] - print
[Mon Nov 20 20:30:37 202] - black GJMJ
[Mon Nov 20 20:30:40 202] - next
[Mon Nov 20 20:30:48 202] - print
[Mon Nov 20 20:31:07 202] - black MMJH
[Mon Nov 20 20:31:10 202] - next
[Mon Nov 20 20:31:23 202] - print
[Mon Nov 20 20:31:58 202] - black MKMI
[Mon Nov 20 20:32:02 202] - next
[Mon Nov 20 20:32:13 202] - print
[Mon Nov 20 20:41:47 202] - new black
[Mon Nov 20 20:41:56 202] - white JKJL
[Mon Nov 20 20:42:00 202] - next
[Mon Nov 20 20:42:23 202] - & C:/Users/pablo/anaconda3/envs/tia-1/python.exe c:/Users/pablo/GitHub/Connect6/Connect6_original/game_engine.py
[Mon Nov 20 21:01:59 202] - new black
[Tue Nov 21 13:26:50 202] - new black
[Tue Nov 21 13:27:04 202] - white JKJL
[Tue Nov 21 13:27:06 202] - next
[Tue Nov 21 13:27:08 202] - print
[Tue Nov 21 14:31:04 202] - new black
[Tue Nov 21 14:31:14 202] - white JKJL
[Tue Nov 21 14:31:17 202] - next
[Tue Nov 21 14:31:59 202] - white KLIJ
[Tue Nov 21 14:32:01 202] - next
[Tue Nov 21 14:50:46 202] - new black
[Tue Nov 21 14:50:54 202] - white JKJL
[Tue Nov 21 14:50:56 202] - next
[Tue Nov 21 14:51:28 202] - white IKKL
[Tue Nov 21 14:51:31 202] - next
[Tue Nov 21 14:57:01 202] - new white
[Tue Nov 21 14:57:04 202] - black JK
[Tue Nov 21 14:57:07 202] - next
[Tue Nov 21 14:57:26 202] - white JKJL
[Tue Nov 21 14:57:32 202] - next
[Tue Nov 21 15:16:42 202] - new white
[Tue Nov 21 15:16:46 202] - black JK
[Tue Nov 21 15:16:47 202] - next
[Tue Nov 21 15:16:51 202] - white JKJL
[Tue Nov 21 15:16:53 202] - next
[Tue Nov 21 15:18:51 202] - new white
[Tue Nov 21 15:18:52 202] - black JK
[Tue Nov 21 15:18:54 202] - next
[Tue Nov 21 15:20:17 202] - new white
[Tue Nov 21 15:20:19 202] - black JK
[Tue Nov 21 15:20:21 202] - next
[Tue Nov 21 15:23:42 202] - new white
[Tue Nov 21 15:23:45 202] - black JK
[Tue Nov 21 15:23:47 202] - next
[Tue Nov 21 15:24:48 202] - black KKJN
[Tue Nov 21 15:24:51 202] - next
[Tue Nov 21 15:27:55 202] - new black
[Tue Nov 21 15:28:03 202] - white JKJL
[Tue Nov 21 15:28:08 202] - next
[Tue Nov 21 15:28:46 202] - new white
[Tue Nov 21 15:28:49 202] - black JJ
[Tue Nov 21 15:28:51 202] - next
[Tue Nov 21 15:32:37 202] - black JJ
[Tue Nov 21 15:32:49 202] - white JKJL
[Tue Nov 21 15:33:02 202] - new black
[Tue Nov 21 15:33:10 202] - next
[Tue Nov 21 15:33:13 202] - next
[Tue Nov 21 15:33:22 202] - white MKNJ
[Tue Nov 21 15:33:24 202] - next
[Tue Nov 21 15:38:02 202] - new black
[Tue Nov 21 15:38:05 202] - white MKNJ
[Tue Nov 21 15:38:06 202] - next
[Tue Nov 21 15:44:18 202] - new black
[Tue Nov 21 15:44:21 202] - white MKNJ
[Tue Nov 21 15:44:22 202] - next
[Tue Nov 21 15:52:55 202] - new black
[Tue Nov 21 15:53:06 202] - white JKJL
[Tue Nov 21 15:53:09 202] - next
[Tue Nov 21 15:54:00 202] - white JNKJ
[Tue Nov 21 15:54:02 202] - next
[Tue Nov 21 16:53:33 202] - print
[Tue Nov 21 16:54:26 202] - print
[Tue Nov 21 16:55:18 202] - print
[Tue Nov 21 18:13:17 202] - new black
[Tue Nov 21 18:13:23 202] - white JKJL
[Tue Nov 21 18:13:26 202] - print
[Tue Nov 21 18:13:32 202] - next
[Tue Nov 21 18:14:42 202] - new black
[Tue Nov 21 18:14:45 202] - white JNKJ
[Tue Nov 21 18:14:47 202] - next
[Tue Nov 21 18:16:41 202] - new black
[Tue Nov 21 18:16:46 202] - white MKNJ
[Tue Nov 21 18:16:47 202] - next
[Tue Nov 21 18:25:31 202] - new black
[Tue Nov 21 18:25:33 202] - white MKNJ
[Tue Nov 21 18:25:34 202] - next
[Tue Nov 21 18:29:03 202] - new black
[Tue Nov 21 18:29:13 202] - white JKLK
[Tue Nov 21 18:29:17 202] - next
[Tue Nov 21 19:08:47 202] - new black
[Tue Nov 21 19:08:52 202] - white JKJL
[Tue Nov 21 19:08:54 202] - next
[Tue Nov 21 19:09:25 202] - new black
[Tue Nov 21 19:09:28 202] - white JKJL
[Tue Nov 21 19:09:30 202] - next
[Tue Nov 21 19:10:27 202] - new black
[Tue Nov 21 19:10:33 202] - white JKJL
[Tue Nov 21 19:10:34 202] - next
[Tue Nov 21 19:12:27 202] - new black
[Tue Nov 21 19:12:32 202] - white JKJL
[Tue Nov 21 19:12:34 202] - next
[Tue Nov 21 19:16:37 202] - new black
[Tue Nov 21 19:16:38 202] - white JKJL
[Tue Nov 21 19:16:39 202] - next
[Tue Nov 21 19:24:42 202] - new black
[Tue Nov 21 19:24:43 202] - white JKJL
[Tue Nov 21 19:24:44 202] - next
[Tue Nov 21 19:25:18 202] - new black
[Tue Nov 21 19:25:23 202] - white JKJL
[Tue Nov 21 19:25:25 202] - next
[Tue Nov 21 19:26:49 202] - new black
[Tue Nov 21 19:26:50 202] - white JKJL
[Tue Nov 21 19:26:51 202] - next
[Tue Nov 21 19:29:20 202] - new black
[Tue Nov 21 19:29:22 202] - white JKJL
[Tue Nov 21 19:29:23 202] - next
[Fri Nov 24 15:13:32 202] - new black
[Fri Nov 24 15:13:33 202] - white JKJL
[Fri Nov 24 15:13:33 202] - next
[Fri Nov 24 15:14:06 202] - print
[Fri Nov 24 15:14:54 202] - new black
[Fri Nov 24 15:14:56 202] - white JKJL
[Fri Nov 24 15:14:58 202] - next
[Fri Nov 24 15:15:00 202] - print
[Fri Nov 24 15:15:43 202] - new black
[Fri Nov 24 15:15:44 202] - white JKJL
[Fri Nov 24 15:15:45 202] - next
[Fri Nov 24 15:15:52 202] - print
[Fri Nov 24 15:21:43 202] - new black
[Fri Nov 24 15:21:44 202] - white JKJL
[Fri Nov 24 15:21:45 202] - next
[Fri Nov 24 15:22:06 202] - print
[Fri Nov 24 15:24:29 202] - new black
[Fri Nov 24 15:24:30 202] - white JKJL
[Fri Nov 24 15:24:31 202] - next
[Fri Nov 24 15:24:47 202] - print
[Fri Nov 24 15:28:00 202] - new black
[Fri Nov 24 15:28:05 202] - white JKJL
[Fri Nov 24 15:28:07 202] - next
[Fri Nov 24 15:29:47 202] - new black
[Fri Nov 24 15:29:54 202] - white JKJL
[Fri Nov 24 15:29:56 202] - next
[Fri Nov 24 15:30:01 202] - print
[Fri Nov 24 15:30:24 202] - white JMMM
[Fri Nov 24 15:30:27 202] - next
[Fri Nov 24 15:30:33 202] - print
[Fri Nov 24 15:30:49 202] - white GGKM
[Fri Nov 24 15:30:52 202] - next
[Fri Nov 24 15:30:59 202] - print
[Fri Nov 24 15:31:19 202] - white IKIM
[Fri Nov 24 15:31:21 202] - next
[Fri Nov 24 15:31:31 202] - print
[Fri Nov 24 15:31:53 202] - white KHLM
[Fri Nov 24 15:31:56 202] - next
[Fri Nov 24 15:32:02 202] - print
[Fri Nov 24 15:32:25 202] - white LNML
[Fri Nov 24 15:32:30 202] - next
[Fri Nov 24 15:32:36 202] - print
[Fri Nov 24 15:33:05 202] - white KNNK
[Fri Nov 24 15:33:12 202] - next
[Fri Nov 24 15:33:22 202] - print
[Fri Nov 24 15:33:44 202] - white INIJ
[Fri Nov 24 15:33:46 202] - next
[Fri Nov 24 15:34:11 202] - print
[Fri Nov 24 15:34:26 202] - white IOIL
[Fri Nov 24 15:34:33 202] - next
[Fri Nov 24 15:34:42 202] - print
[Fri Nov 24 15:35:48 202] - new white
[Fri Nov 24 15:36:00 202] - black JL
[Fri Nov 24 15:36:05 202] - next
[Fri Nov 24 15:36:07 202] - print
[Fri Nov 24 15:36:41 202] - black IKKL
[Fri Nov 24 15:36:44 202] - next
[Fri Nov 24 15:36:46 202] - print
[Fri Nov 24 15:37:14 202] - white NKKM
[Fri Nov 24 15:37:16 202] - next
[Fri Nov 24 15:37:20 202] - print
[Fri Nov 24 15:37:40 202] - next
[Fri Nov 24 15:37:51 202] - next
[Fri Nov 24 15:37:53 202] - next
[Fri Nov 24 15:37:56 202] - next
[Fri Nov 24 15:38:00 202] - next
[Fri Nov 24 15:38:05 202] - next
[Fri Nov 24 15:38:08 202] - 
[Fri Nov 24 15:38:11 202] - next
[Fri Nov 24 15:38:17 202] - next
[Fri Nov 24 15:38:22 202] - print
[Fri Nov 24 15:38:52 202] - black INIM
[Fri Nov 24 15:38:55 202] - next
[Fri Nov 24 15:44:59 202] - new white
[Fri Nov 24 15:45:06 202] - black JJ
[Fri Nov 24 15:45:08 202] - next
[Fri Nov 24 15:45:17 202] - print
[Fri Nov 24 15:45:35 202] - black KLHI
[Fri Nov 24 15:45:37 202] - next
[Fri Nov 24 15:45:43 202] - print
[Fri Nov 24 15:45:57 202] - black IMII
[Fri Nov 24 15:45:59 202] - next
[Fri Nov 24 15:46:01 202] - print
[Fri Nov 24 15:46:13 202] - black LKGK
[Fri Nov 24 15:46:15 202] - next
[Fri Nov 24 15:46:18 202] - print
[Fri Nov 24 15:46:40 202] - black LIGN
[Fri Nov 24 15:46:42 202] - next
[Fri Nov 24 15:46:59 202] - print
[Fri Nov 24 15:47:15 202] - black HNJM
[Fri Nov 24 15:47:20 202] - next
[Fri Nov 24 15:47:25 202] - print
[Fri Nov 24 15:47:58 202] - black INFN
[Fri Nov 24 15:48:00 202] - print
[Fri Nov 24 15:48:15 202] - next
[Fri Nov 24 15:48:22 202] - print
[Fri Nov 24 15:58:43 202] - next
[Fri Nov 24 15:58:48 202] - next
[Fri Nov 24 15:58:53 202] - next
[Fri Nov 24 15:58:58 202] - next
[Fri Nov 24 15:59:03 202] - next
[Fri Nov 24 15:59:10 202] - next
[Fri Nov 24 15:59:17 202] - next
[Fri Nov 24 15:59:24 202] - next
[Fri Nov 24 15:59:32 202] - next
[Fri Nov 24 15:59:41 202] - next
[Fri Nov 24 15:59:53 202] - next
[Fri Nov 24 16:00:05 202] - next
[Fri Nov 24 16:00:19 202] - print
[Fri Nov 24 16:00:51 202] - next
[Fri Nov 24 16:01:22 202] - next
[Fri Nov 24 16:01:37 202] - next
[Fri Nov 24 16:01:55 202] - next
[Fri Nov 24 16:02:11 202] - next
[Fri Nov 24 16:02:27 202] - next
[Fri Nov 24 16:02:43 202] - next
[Fri Nov 24 16:03:00 202] - next
[Fri Nov 24 16:03:17 202] - next
[Fri Nov 24 16:03:34 202] - next
[Fri Nov 24 16:03:50 202] - next
[Fri Nov 24 16:04:14 202] - next
[Fri Nov 24 16:04:31 202] - next
[Fri Nov 24 16:04:48 202] - next
[Fri Nov 24 16:05:05 202] - next
[Fri Nov 24 16:05:23 202] - next
[Fri Nov 24 16:05:43 202] - next
[Fri Nov 24 16:06:01 202] - print
[Fri Nov 24 16:09:17 202] - new white
[Fri Nov 24 16:09:19 202] - next
[Fri Nov 24 16:09:25 202] - next
[Sat Nov 25 19:29:08 202] - new black
[Sat Nov 25 19:29:12 202] - next
[Sat Nov 25 19:29:22 202] - next
[Sat Nov 25 19:29:24 202] - 
[Sat Nov 25 19:29:27 202] - next
[Sat Nov 25 19:29:29 202] - next
[Sat Nov 25 19:29:31 202] - next
[Sat Nov 25 19:29:33 202] - next
[Sat Nov 25 19:29:36 202] - next
[Sat Nov 25 19:29:38 202] - next
[Sat Nov 25 19:29:41 202] - next
[Sat Nov 25 19:29:45 202] - next
[Sat Nov 25 19:29:48 202] - next
[Sat Nov 25 19:29:52 202] - next
[Sat Nov 25 19:31:23 202] - new black
[Sat Nov 25 19:31:24 202] - next
[Sat Nov 25 19:31:30 202] - next
[Sat Nov 25 19:31:34 202] - next
[Sat Nov 25 19:31:42 202] - next
[Sat Nov 25 19:31:45 202] - next
[Sat Nov 25 19:31:49 202] - next
[Sat Nov 25 19:31:52 202] - next
[Sat Nov 25 19:31:54 202] - next
[Sat Nov 25 19:31:57 202] - next
[Sat Nov 25 19:32:01 202] - next
[Sat Nov 25 19:32:04 202] - next
[Sat Nov 25 19:38:47 202] - new black
[Sat Nov 25 19:38:48 202] - next
[Sat Nov 25 19:38:52 202] - new black
[Sat Nov 25 19:38:55 202] - next
[Sat Nov 25 19:38:57 202] - next
[Sat Nov 25 19:38:59 202] - next
[Sat Nov 25 19:39:00 202] - next
[Sat Nov 25 19:39:01 202] - next
[Sat Nov 25 19:39:03 202] - next
[Sat Nov 25 19:39:05 202] - next
[Sat Nov 25 19:39:06 202] - next
[Sat Nov 25 19:39:07 202] - next
[Sat Nov 25 19:39:09 202] - next
[Sat Nov 25 19:39:11 202] - next
[Sat Nov 25 19:39:12 202] - next
[Sat Nov 25 19:39:14 202] - next
[Sat Nov 25 19:39:18 202] - print
[Sat Nov 25 19:40:06 202] - next
[Sat Nov 25 19:40:09 202] - next
[Sat Nov 25 19:40:12 202] - next
[Sat Nov 25 19:40:16 202] - next
[Sat Nov 25 19:40:19 202] - next
[Sat Nov 25 19:40:23 202] - next
[Sat Nov 25 19:40:26 202] - next
[Sat Nov 25 19:40:30 202] - next
[Sat Nov 25 19:40:35 202] - next
[Sat Nov 25 19:40:40 202] - next
[Sat Nov 25 19:40:45 202] - next
